This file contains any messages produced by compilers while
running configure, to aid debugging if configure makes a mistake.

It was created by libgpg-error configure 1.49, which was
generated by GNU Autoconf 2.71.  Invocation command line was

  $ ./configure --prefix=/usr/local

## --------- ##
## Platform. ##
## --------- ##

hostname = alex-Alienware-Aurora-R13
uname -m = x86_64
uname -r = 5.15.0-107-generic
uname -s = Linux
uname -v = #117~20.04.1-Ubuntu SMP Tue Apr 30 10:35:57 UTC 2024

/usr/bin/uname -p = x86_64
/bin/uname -X     = unknown

/bin/arch              = x86_64
/usr/bin/arch -k       = unknown
/usr/convex/getsysinfo = unknown
/usr/bin/hostinfo      = unknown
/bin/machine           = unknown
/usr/bin/oslevel       = unknown
/bin/universe          = unknown

PATH: /home/jasmine/simulator_installations/sumo/bin/
PATH: /sbin/
PATH: /bin/
PATH: /usr/bin/
PATH: /usr/local/bin/
PATH: /snap/bin/
PATH: /home/jasmine/simulator_installations/sumo/bin/
PATH: /usr/bin/
PATH: /usr/bin/


## ----------- ##
## Core tests. ##
## ----------- ##

configure:2861: looking for aux files: config.rpath ltmain.sh compile config.guess config.sub missing install-sh
configure:2874:  trying ./build-aux/
configure:2903:   ./build-aux/config.rpath found
configure:2903:   ./build-aux/ltmain.sh found
configure:2903:   ./build-aux/compile found
configure:2903:   ./build-aux/config.guess found
configure:2903:   ./build-aux/config.sub found
configure:2903:   ./build-aux/missing found
configure:2885:   ./build-aux/install-sh found
configure:3051: checking for a BSD-compatible install
configure:3124: result: /bin/install -c
configure:3135: checking whether build environment is sane
configure:3190: result: yes
configure:3347: checking for a race-free mkdir -p
configure:3391: result: /bin/mkdir -p
configure:3398: checking for gawk
configure:3419: found /bin/gawk
configure:3430: result: gawk
configure:3441: checking whether make sets $(MAKE)
configure:3464: result: yes
configure:3494: checking whether make supports nested variables
configure:3512: result: yes
configure:3649: checking whether to enable maintainer-specific portions of Makefiles
configure:3659: result: no
configure:3688: checking whether make supports nested variables
configure:3706: result: yes
configure:3726: checking build system type
configure:3741: result: x86_64-pc-linux-gnu
configure:3761: checking host system type
configure:3775: result: x86_64-pc-linux-gnu
configure:3802: autobuild project... libgpg-error
configure:3808: autobuild revision... 1.49
configure:3813: autobuild hostname... alex-Alienware-Aurora-R13
configure:3824: autobuild timestamp... 20240611T085053Z
configure:3892: checking for gcc
configure:3913: found /bin/gcc
configure:3924: result: gcc
configure:4277: checking for C compiler version
configure:4286: gcc --version >&5
gcc (Ubuntu 8.4.0-3ubuntu2) 8.4.0
Copyright (C) 2018 Free Software Foundation, Inc.
This is free software; see the source for copying conditions.  There is NO
warranty; not even for MERCHANTABILITY or FITNESS FOR A PARTICULAR PURPOSE.

configure:4297: $? = 0
configure:4286: gcc -v >&5
Using built-in specs.
COLLECT_GCC=gcc
COLLECT_LTO_WRAPPER=/usr/lib/gcc/x86_64-linux-gnu/8/lto-wrapper
OFFLOAD_TARGET_NAMES=nvptx-none
OFFLOAD_TARGET_DEFAULT=1
Target: x86_64-linux-gnu
Configured with: ../src/configure -v --with-pkgversion='Ubuntu 8.4.0-3ubuntu2' --with-bugurl=file:///usr/share/doc/gcc-8/README.Bugs --enable-languages=c,ada,c++,go,brig,d,fortran,objc,obj-c++ --prefix=/usr --with-gcc-major-version-only --program-suffix=-8 --program-prefix=x86_64-linux-gnu- --enable-shared --enable-linker-build-id --libexecdir=/usr/lib --without-included-gettext --enable-threads=posix --libdir=/usr/lib --enable-nls --enable-bootstrap --enable-clocale=gnu --enable-libstdcxx-debug --enable-libstdcxx-time=yes --with-default-libstdcxx-abi=new --enable-gnu-unique-object --disable-vtable-verify --enable-libmpx --enable-plugin --enable-default-pie --with-system-zlib --with-target-system-zlib=auto --enable-objc-gc=auto --enable-multiarch --disable-werror --with-arch-32=i686 --with-abi=m64 --with-multilib-list=m32,m64,mx32 --enable-multilib --with-tune=generic --enable-offload-targets=nvptx-none --without-cuda-driver --enable-checking=release --build=x86_64-linux-gnu --host=x86_64-linux-gnu --target=x86_64-linux-gnu
Thread model: posix
gcc version 8.4.0 (Ubuntu 8.4.0-3ubuntu2) 
configure:4297: $? = 0
configure:4286: gcc -V >&5
gcc: error: unrecognized command line option '-V'
gcc: fatal error: no input files
compilation terminated.
configure:4297: $? = 1
configure:4286: gcc -qversion >&5
gcc: error: unrecognized command line option '-qversion'; did you mean '--version'?
gcc: fatal error: no input files
compilation terminated.
configure:4297: $? = 1
configure:4286: gcc -version >&5
gcc: error: unrecognized command line option '-version'
gcc: fatal error: no input files
compilation terminated.
configure:4297: $? = 1
configure:4317: checking whether the C compiler works
configure:4339: gcc    conftest.c  >&5
configure:4343: $? = 0
configure:4393: result: yes
configure:4396: checking for C compiler default output file name
configure:4398: result: a.out
configure:4404: checking for suffix of executables
configure:4411: gcc -o conftest    conftest.c  >&5
configure:4415: $? = 0
configure:4438: result: 
configure:4460: checking whether we are cross compiling
configure:4468: gcc -o conftest    conftest.c  >&5
configure:4472: $? = 0
configure:4479: ./conftest
configure:4483: $? = 0
configure:4471: result: no
configure:4476: checking for suffix of object files
configure:4499: gcc -c   conftest.c >&5
configure:4503: $? = 0
configure:4525: result: o
configure:4529: checking whether the compiler supports GNU C
configure:4549: gcc -c   conftest.c >&5
configure:4549: $? = 0
configure:4559: result: yes
configure:4570: checking whether gcc accepts -g
configure:4591: gcc -c -g  conftest.c >&5
configure:4591: $? = 0
configure:4635: result: yes
configure:4655: checking for gcc option to enable C11 features
configure:4670: gcc  -c -g -O2  conftest.c >&5
configure:4670: $? = 0
configure:4688: result: none needed
configure:4804: checking whether gcc understands -c and -o together
configure:4827: gcc -c conftest.c -o conftest2.o
configure:4830: $? = 0
configure:4827: gcc -c conftest.c -o conftest2.o
configure:4830: $? = 0
configure:4842: result: yes
configure:4862: checking whether make supports the include directive
configure:4877: make -f confmf.GNU && cat confinc.out
this is the am__doit target
configure:4880: $? = 0
configure:4899: result: yes (GNU style)
configure:4925: checking dependency style of gcc
configure:5037: result: gcc3
configure:5058: checking how to run the C preprocessor
configure:5084: gcc -E  conftest.c
configure:5084: $? = 0
configure:5099: gcc -E  conftest.c
conftest.c:11:10: fatal error: ac_nonexistent.h: No such file or directory
 #include <ac_nonexistent.h>
          ^~~~~~~~~~~~~~~~~~
compilation terminated.
configure:5099: $? = 1
configure: failed program was:
| /* confdefs.h */
| #define PACKAGE_NAME "libgpg-error"
| #define PACKAGE_TARNAME "libgpg-error"
| #define PACKAGE_VERSION "1.49"
| #define PACKAGE_STRING "libgpg-error 1.49"
| #define PACKAGE_BUGREPORT "https://bugs.gnupg.org"
| #define PACKAGE_URL ""
| #define PACKAGE "libgpg-error"
| #define VERSION "1.49"
| /* end confdefs.h.  */
| #include <ac_nonexistent.h>
configure:5126: result: gcc -E
configure:5140: gcc -E  conftest.c
configure:5140: $? = 0
configure:5155: gcc -E  conftest.c
conftest.c:11:10: fatal error: ac_nonexistent.h: No such file or directory
 #include <ac_nonexistent.h>
          ^~~~~~~~~~~~~~~~~~
compilation terminated.
configure:5155: $? = 1
configure: failed program was:
| /* confdefs.h */
| #define PACKAGE_NAME "libgpg-error"
| #define PACKAGE_TARNAME "libgpg-error"
| #define PACKAGE_VERSION "1.49"
| #define PACKAGE_STRING "libgpg-error 1.49"
| #define PACKAGE_BUGREPORT "https://bugs.gnupg.org"
| #define PACKAGE_URL ""
| #define PACKAGE "libgpg-error"
| #define VERSION "1.49"
| /* end confdefs.h.  */
| #include <ac_nonexistent.h>
configure:5189: checking for gawk
configure:5221: result: gawk
configure:5280: checking for ar
configure:5301: found /bin/ar
configure:5312: result: ar
configure:5339: checking for stdio.h
configure:5339: gcc -c -g -O2  conftest.c >&5
configure:5339: $? = 0
configure:5339: result: yes
configure:5339: checking for stdlib.h
configure:5339: gcc -c -g -O2  conftest.c >&5
configure:5339: $? = 0
configure:5339: result: yes
configure:5339: checking for string.h
configure:5339: gcc -c -g -O2  conftest.c >&5
configure:5339: $? = 0
configure:5339: result: yes
configure:5339: checking for inttypes.h
configure:5339: gcc -c -g -O2  conftest.c >&5
configure:5339: $? = 0
configure:5339: result: yes
configure:5339: checking for stdint.h
configure:5339: gcc -c -g -O2  conftest.c >&5
configure:5339: $? = 0
configure:5339: result: yes
configure:5339: checking for strings.h
configure:5339: gcc -c -g -O2  conftest.c >&5
configure:5339: $? = 0
configure:5339: result: yes
configure:5339: checking for sys/stat.h
configure:5339: gcc -c -g -O2  conftest.c >&5
configure:5339: $? = 0
configure:5339: result: yes
configure:5339: checking for sys/types.h
configure:5339: gcc -c -g -O2  conftest.c >&5
configure:5339: $? = 0
configure:5339: result: yes
configure:5339: checking for unistd.h
configure:5339: gcc -c -g -O2  conftest.c >&5
configure:5339: $? = 0
configure:5339: result: yes
configure:5339: checking for wchar.h
configure:5339: gcc -c -g -O2  conftest.c >&5
configure:5339: $? = 0
configure:5339: result: yes
configure:5339: checking for minix/config.h
configure:5339: gcc -c -g -O2  conftest.c >&5
conftest.c:49:10: fatal error: minix/config.h: No such file or directory
 #include <minix/config.h>
          ^~~~~~~~~~~~~~~~
compilation terminated.
configure:5339: $? = 1
configure: failed program was:
| /* confdefs.h */
| #define PACKAGE_NAME "libgpg-error"
| #define PACKAGE_TARNAME "libgpg-error"
| #define PACKAGE_VERSION "1.49"
| #define PACKAGE_STRING "libgpg-error 1.49"
| #define PACKAGE_BUGREPORT "https://bugs.gnupg.org"
| #define PACKAGE_URL ""
| #define PACKAGE "libgpg-error"
| #define VERSION "1.49"
| #define HAVE_STDIO_H 1
| #define HAVE_STDLIB_H 1
| #define HAVE_STRING_H 1
| #define HAVE_INTTYPES_H 1
| #define HAVE_STDINT_H 1
| #define HAVE_STRINGS_H 1
| #define HAVE_SYS_STAT_H 1
| #define HAVE_SYS_TYPES_H 1
| #define HAVE_UNISTD_H 1
| #define HAVE_WCHAR_H 1
| /* end confdefs.h.  */
| #include <stddef.h>
| #ifdef HAVE_STDIO_H
| # include <stdio.h>
| #endif
| #ifdef HAVE_STDLIB_H
| # include <stdlib.h>
| #endif
| #ifdef HAVE_STRING_H
| # include <string.h>
| #endif
| #ifdef HAVE_INTTYPES_H
| # include <inttypes.h>
| #endif
| #ifdef HAVE_STDINT_H
| # include <stdint.h>
| #endif
| #ifdef HAVE_STRINGS_H
| # include <strings.h>
| #endif
| #ifdef HAVE_SYS_TYPES_H
| # include <sys/types.h>
| #endif
| #ifdef HAVE_SYS_STAT_H
| # include <sys/stat.h>
| #endif
| #ifdef HAVE_UNISTD_H
| # include <unistd.h>
| #endif
| #include <minix/config.h>
configure:5339: result: no
configure:5339: checking for threads.h
configure:5339: gcc -c -g -O2  conftest.c >&5
configure:5339: $? = 0
configure:5339: result: yes
configure:5370: checking whether it is safe to define __EXTENSIONS__
configure:5389: gcc -c -g -O2  conftest.c >&5
configure:5389: $? = 0
configure:5397: result: yes
configure:5400: checking whether _XOPEN_SOURCE should be defined
configure:5422: gcc -c -g -O2  conftest.c >&5
configure:5422: $? = 0
configure:5449: result: no
configure:5507: checking for nl_langinfo and CODESET
configure:5524: gcc -o conftest -g -O2   conftest.c  >&5
configure:5524: $? = 0
configure:5534: result: yes
configure:5687: checking for special C compiler options needed for large files
configure:5735: result: no
configure:5741: checking for _FILE_OFFSET_BITS value needed for large files
configure:5767: gcc -c -g -O2  conftest.c >&5
configure:5767: $? = 0
configure:5801: result: no
configure:5933: checking how to print strings
configure:5960: result: printf
configure:5981: checking for a sed that does not truncate output
configure:6051: result: /bin/sed
configure:6069: checking for grep that handles long lines and -e
configure:6133: result: /bin/grep
configure:6138: checking for egrep
configure:6206: result: /bin/grep -E
configure:6211: checking for fgrep
configure:6279: result: /bin/grep -F
configure:6315: checking for ld used by gcc
configure:6383: result: /bin/ld
configure:6390: checking if the linker (/bin/ld) is GNU ld
configure:6406: result: yes
configure:6418: checking for BSD- or MS-compatible name lister (nm)
configure:6473: result: /bin/nm -B
configure:6613: checking the name lister (/bin/nm -B) interface
configure:6621: gcc -c -g -O2  conftest.c >&5
configure:6624: /bin/nm -B "conftest.o"
/bin/nm: libLLVM.so.19.0: cannot open shared object file: No such file or directory

configure:6627: output
0000000000000000 B some_variable
configure:6628: result: BSD nm
configure:6631: checking whether ln -s works
configure:6635: result: yes
configure:6643: checking the maximum length of command line arguments
configure:6775: result: 1572864
configure:6823: checking how to convert x86_64-pc-linux-gnu file names to x86_64-pc-linux-gnu format
configure:6864: result: func_convert_file_noop
configure:6871: checking how to convert x86_64-pc-linux-gnu file names to toolchain format
configure:6892: result: func_convert_file_noop
configure:6899: checking for /bin/ld option to reload object files
configure:6907: result: -r
configure:6986: checking for file
configure:7007: found /bin/file
configure:7018: result: file
configure:7094: checking for objdump
configure:7115: found /bin/objdump
configure:7126: result: objdump
configure:7155: checking how to recognize dependent libraries
configure:7356: result: pass_all
configure:7446: checking for dlltool
configure:7481: result: no
configure:7508: checking how to associate runtime and link libraries
configure:7536: result: printf %s\n
configure:7686: checking for archiver @FILE support
configure:7704: gcc -c -g -O2  conftest.c >&5
configure:7704: $? = 0
configure:7708: ar cr libconftest.a @conftest.lst >&5
ar: libLLVM.so.19.0: cannot open shared object file: No such file or directory

configure:7711: $? = 0
configure:7716: ar cr libconftest.a @conftest.lst >&5
ar: conftest.o: No such file or directory
configure:7719: $? = 1
configure:7718: result: @
configure:7781: checking for strip
configure:7802: found /bin/strip
configure:7813: result: strip
configure:7890: checking for ranlib
configure:7911: found /bin/ranlib
configure:7922: result: ranlib
configure:8024: checking command to parse /bin/nm -B output from gcc object
configure:8178: gcc -c -g -O2  conftest.c >&5
configure:8181: $? = 0
configure:8185: /bin/nm -B conftest.o | /bin/sed -n -e 's/^.*[	 ]\([ABCDGIRSTW][ABCDGIRSTW]*\)[	 ][	 ]*\([_A-Za-z][_A-Za-z0-9]*\)$/\1 \2 \2/p' | /bin/sed '/ __gnu_lto/d' > conftest.nm
/bin/nm: libLLVM.so.19.0: cannot open shared object file: No such file or directory

configure:8251: gcc -o conftest -g -O2   conftest.c conftstm.o >&5
configure:8254: $? = 0
configure:8292: result: ok
configure:8339: checking for sysroot
configure:8370: result: no
configure:8377: checking for a working dd
configure:8421: result: /bin/dd
configure:8425: checking how to truncate binary pipes
configure:8441: result: /bin/dd bs=4096 count=1
configure:8578: gcc -c -g -O2  conftest.c >&5
configure:8581: $? = 0
configure:8778: checking for mt
configure:8799: found /bin/mt
configure:8810: result: mt
configure:8833: checking if mt is a manifest tool
configure:8840: mt '-?'
configure:8848: result: no
configure:9569: checking for dlfcn.h
configure:9569: gcc -c -g -O2  conftest.c >&5
configure:9569: $? = 0
configure:9569: result: yes
configure:10155: checking for objdir
configure:10171: result: .libs
configure:10435: checking if gcc supports -fno-rtti -fno-exceptions
configure:10454: gcc -c -g -O2  -fno-rtti -fno-exceptions conftest.c >&5
cc1: warning: command line option '-fno-rtti' is valid for C++/ObjC++ but not for C
configure:10458: $? = 0
configure:10471: result: no
configure:10835: checking for gcc option to produce PIC
configure:10843: result: -fPIC -DPIC
configure:10851: checking if gcc PIC flag -fPIC -DPIC works
configure:10870: gcc -c -g -O2  -fPIC -DPIC -DPIC conftest.c >&5
configure:10874: $? = 0
configure:10887: result: yes
configure:10916: checking if gcc static flag -static works
configure:10945: result: yes
configure:10960: checking if gcc supports -c -o file.o
configure:10982: gcc -c -g -O2  -o out/conftest2.o conftest.c >&5
configure:10986: $? = 0
configure:11008: result: yes
configure:11016: checking if gcc supports -c -o file.o
configure:11064: result: yes
configure:11097: checking whether the gcc linker (/bin/ld -m elf_x86_64) supports shared libraries
configure:12371: result: yes
configure:12408: checking whether -lc should be explicitly linked in
configure:12417: gcc -c -g -O2  conftest.c >&5
configure:12420: $? = 0
configure:12435: gcc -shared  -fPIC -DPIC conftest.o  -v -Wl,-soname -Wl,conftest -o conftest 2\>\&1 \| /bin/grep  -lc  \>/dev/null 2\>\&1
configure:12438: $? = 0
configure:12452: result: no
configure:12612: checking dynamic linker characteristics
configure:13194: gcc -o conftest -g -O2   -Wl,-rpath -Wl,/foo conftest.c  >&5
configure:13194: $? = 0
configure:13445: result: GNU/Linux ld.so
configure:13567: checking how to hardcode library paths into programs
configure:13592: result: immediate
configure:14144: checking whether stripping libraries is possible
configure:14153: result: yes
configure:14195: checking if libtool supports shared libraries
configure:14197: result: yes
configure:14200: checking whether to build shared libraries
configure:14225: result: yes
configure:14228: checking whether to build static libraries
configure:14232: result: no
configure:11062: checking for windres
configure:11097: result: no
configure:11288: checking whether NLS is requested
configure:11298: result: yes
configure:11338: checking for msgfmt
configure: trying /bin/msgfmt...
0 translated messages.
configure:11371: result: /bin/msgfmt
configure:11380: checking for gmsgfmt
configure:11416: result: /bin/msgfmt
configure:11461: checking for xgettext
configure: trying /bin/xgettext...
/bin/xgettext: warning: file '/dev/null' extension '' is unknown; will try C
configure:11494: result: /bin/xgettext
configure:11539: checking for msgmerge
configure: trying /bin/msgmerge...
configure:11571: result: /bin/msgmerge
configure:11636: checking for ld
configure:11767: result: /bin/ld -m elf_x86_64
configure:11774: checking if the linker (/bin/ld -m elf_x86_64) is GNU ld
configure:11790: result: yes
configure:11798: checking for shared library run path origin
configure:11812: result: done
configure:11834: checking 32-bit host C ABI
configure:11901: gcc -c -g -O2  conftest.c >&5
configure:11901: $? = 0
configure:12097: result: no
configure:12107: checking for ELF binary format
configure:12131: result: yes
configure:12183: checking for the common suffixes of directories in the library search path
configure:12252: result: lib,lib,lib64
configure:12777: checking for CFPreferencesCopyAppValue
configure:12796: gcc -o conftest -g -O2   conftest.c  -Wl,-framework -Wl,CoreFoundation >&5
conftest.c:42:10: fatal error: CoreFoundation/CFPreferences.h: No such file or directory
 #include <CoreFoundation/CFPreferences.h>
          ^~~~~~~~~~~~~~~~~~~~~~~~~~~~~~~~
compilation terminated.
configure:12796: $? = 1
configure: failed program was:
| /* confdefs.h */
| #define PACKAGE_NAME "libgpg-error"
| #define PACKAGE_TARNAME "libgpg-error"
| #define PACKAGE_VERSION "1.49"
| #define PACKAGE_STRING "libgpg-error 1.49"
| #define PACKAGE_BUGREPORT "https://bugs.gnupg.org"
| #define PACKAGE_URL ""
| #define PACKAGE "libgpg-error"
| #define VERSION "1.49"
| #define HAVE_STDIO_H 1
| #define HAVE_STDLIB_H 1
| #define HAVE_STRING_H 1
| #define HAVE_INTTYPES_H 1
| #define HAVE_STDINT_H 1
| #define HAVE_STRINGS_H 1
| #define HAVE_SYS_STAT_H 1
| #define HAVE_SYS_TYPES_H 1
| #define HAVE_UNISTD_H 1
| #define HAVE_WCHAR_H 1
| #define HAVE_THREADS_H 1
| #define STDC_HEADERS 1
| #define _ALL_SOURCE 1
| #define _DARWIN_C_SOURCE 1
| #define _GNU_SOURCE 1
| #define _HPUX_ALT_XOPEN_SOCKET_API 1
| #define _NETBSD_SOURCE 1
| #define _OPENBSD_SOURCE 1
| #define _POSIX_PTHREAD_SEMANTICS 1
| #define __STDC_WANT_IEC_60559_ATTRIBS_EXT__ 1
| #define __STDC_WANT_IEC_60559_BFP_EXT__ 1
| #define __STDC_WANT_IEC_60559_DFP_EXT__ 1
| #define __STDC_WANT_IEC_60559_FUNCS_EXT__ 1
| #define __STDC_WANT_IEC_60559_TYPES_EXT__ 1
| #define __STDC_WANT_LIB_EXT2__ 1
| #define __STDC_WANT_MATH_SPEC_FUNCS__ 1
| #define _TANDEM_SOURCE 1
| #define __EXTENSIONS__ 1
| #define HAVE_LANGINFO_CODESET 1
| #define HAVE_DLFCN_H 1
| #define LT_OBJDIR ".libs/"
| /* end confdefs.h.  */
| #include <CoreFoundation/CFPreferences.h>
| int
| main (void)
| {
| CFPreferencesCopyAppValue(NULL, NULL)
|   ;
|   return 0;
| }
configure:12806: result: no
configure:12813: checking for CFLocaleCopyPreferredLanguages
configure:12832: gcc -o conftest -g -O2   conftest.c  -Wl,-framework -Wl,CoreFoundation >&5
conftest.c:42:10: fatal error: CoreFoundation/CFLocale.h: No such file or directory
 #include <CoreFoundation/CFLocale.h>
          ^~~~~~~~~~~~~~~~~~~~~~~~~~~
compilation terminated.
configure:12832: $? = 1
configure: failed program was:
| /* confdefs.h */
| #define PACKAGE_NAME "libgpg-error"
| #define PACKAGE_TARNAME "libgpg-error"
| #define PACKAGE_VERSION "1.49"
| #define PACKAGE_STRING "libgpg-error 1.49"
| #define PACKAGE_BUGREPORT "https://bugs.gnupg.org"
| #define PACKAGE_URL ""
| #define PACKAGE "libgpg-error"
| #define VERSION "1.49"
| #define HAVE_STDIO_H 1
| #define HAVE_STDLIB_H 1
| #define HAVE_STRING_H 1
| #define HAVE_INTTYPES_H 1
| #define HAVE_STDINT_H 1
| #define HAVE_STRINGS_H 1
| #define HAVE_SYS_STAT_H 1
| #define HAVE_SYS_TYPES_H 1
| #define HAVE_UNISTD_H 1
| #define HAVE_WCHAR_H 1
| #define HAVE_THREADS_H 1
| #define STDC_HEADERS 1
| #define _ALL_SOURCE 1
| #define _DARWIN_C_SOURCE 1
| #define _GNU_SOURCE 1
| #define _HPUX_ALT_XOPEN_SOCKET_API 1
| #define _NETBSD_SOURCE 1
| #define _OPENBSD_SOURCE 1
| #define _POSIX_PTHREAD_SEMANTICS 1
| #define __STDC_WANT_IEC_60559_ATTRIBS_EXT__ 1
| #define __STDC_WANT_IEC_60559_BFP_EXT__ 1
| #define __STDC_WANT_IEC_60559_DFP_EXT__ 1
| #define __STDC_WANT_IEC_60559_FUNCS_EXT__ 1
| #define __STDC_WANT_IEC_60559_TYPES_EXT__ 1
| #define __STDC_WANT_LIB_EXT2__ 1
| #define __STDC_WANT_MATH_SPEC_FUNCS__ 1
| #define _TANDEM_SOURCE 1
| #define __EXTENSIONS__ 1
| #define HAVE_LANGINFO_CODESET 1
| #define HAVE_DLFCN_H 1
| #define LT_OBJDIR ".libs/"
| /* end confdefs.h.  */
| #include <CoreFoundation/CFLocale.h>
| int
| main (void)
| {
| CFLocaleCopyPreferredLanguages();
|   ;
|   return 0;
| }
configure:12842: result: no
configure:12892: checking for GNU gettext in libc
configure:12922: gcc -o conftest -g -O2   conftest.c  >&5
configure:12922: $? = 0
configure:12932: result: yes
configure:13831: checking whether to use NLS
configure:13833: result: yes
configure:13836: checking where the gettext function comes from
configure:13847: result: libc
configure:13906: checking for locale.h
configure:13906: gcc -c -g -O2  conftest.c >&5
configure:13906: $? = 0
configure:13906: result: yes
configure:13912: checking for stdint.h
configure:13912: result: yes
configure:13918: checking for sys/select.h
configure:13918: gcc -c -g -O2  conftest.c >&5
configure:13918: $? = 0
configure:13918: result: yes
configure:13924: checking for sys/time.h
configure:13924: gcc -c -g -O2  conftest.c >&5
configure:13924: $? = 0
configure:13924: result: yes
configure:13930: checking for signal.h
configure:13930: gcc -c -g -O2  conftest.c >&5
configure:13930: $? = 0
configure:13930: result: yes
configure:13936: checking for poll.h
configure:13936: gcc -c -g -O2  conftest.c >&5
configure:13936: $? = 0
configure:13936: result: yes
configure:13942: checking for pwd.h
configure:13942: gcc -c -g -O2  conftest.c >&5
configure:13942: $? = 0
configure:13942: result: yes
configure:13950: checking for gcc options needed to detect all undeclared functions
configure:13972: gcc -c -g -O2   conftest.c >&5
conftest.c: In function 'main':
conftest.c:56:8: error: 'strchr' undeclared (first use in this function)
 (void) strchr;
        ^~~~~~
conftest.c:56:8: note: 'strchr' is defined in header '<string.h>'; did you forget to '#include <string.h>'?
conftest.c:1:1:
 /* confdefs.h */
conftest.c:56:8:
 (void) strchr;
        ^~~~~~
conftest.c:56:8: note: each undeclared identifier is reported only once for each function it appears in
configure:13972: $? = 1
configure: failed program was:
| /* confdefs.h */
| #define PACKAGE_NAME "libgpg-error"
| #define PACKAGE_TARNAME "libgpg-error"
| #define PACKAGE_VERSION "1.49"
| #define PACKAGE_STRING "libgpg-error 1.49"
| #define PACKAGE_BUGREPORT "https://bugs.gnupg.org"
| #define PACKAGE_URL ""
| #define PACKAGE "libgpg-error"
| #define VERSION "1.49"
| #define HAVE_STDIO_H 1
| #define HAVE_STDLIB_H 1
| #define HAVE_STRING_H 1
| #define HAVE_INTTYPES_H 1
| #define HAVE_STDINT_H 1
| #define HAVE_STRINGS_H 1
| #define HAVE_SYS_STAT_H 1
| #define HAVE_SYS_TYPES_H 1
| #define HAVE_UNISTD_H 1
| #define HAVE_WCHAR_H 1
| #define HAVE_THREADS_H 1
| #define STDC_HEADERS 1
| #define _ALL_SOURCE 1
| #define _DARWIN_C_SOURCE 1
| #define _GNU_SOURCE 1
| #define _HPUX_ALT_XOPEN_SOCKET_API 1
| #define _NETBSD_SOURCE 1
| #define _OPENBSD_SOURCE 1
| #define _POSIX_PTHREAD_SEMANTICS 1
| #define __STDC_WANT_IEC_60559_ATTRIBS_EXT__ 1
| #define __STDC_WANT_IEC_60559_BFP_EXT__ 1
| #define __STDC_WANT_IEC_60559_DFP_EXT__ 1
| #define __STDC_WANT_IEC_60559_FUNCS_EXT__ 1
| #define __STDC_WANT_IEC_60559_TYPES_EXT__ 1
| #define __STDC_WANT_LIB_EXT2__ 1
| #define __STDC_WANT_MATH_SPEC_FUNCS__ 1
| #define _TANDEM_SOURCE 1
| #define __EXTENSIONS__ 1
| #define HAVE_LANGINFO_CODESET 1
| #define HAVE_DLFCN_H 1
| #define LT_OBJDIR ".libs/"
| #define ENABLE_NLS 1
| #define HAVE_GETTEXT 1
| #define HAVE_DCGETTEXT 1
| #define HAVE_LOCALE_H 1
| #define HAVE_STDINT_H 1
| #define HAVE_SYS_SELECT_H 1
| #define HAVE_SYS_TIME_H 1
| #define HAVE_SIGNAL_H 1
| #define HAVE_POLL_H 1
| #define HAVE_PWD_H 1
| /* end confdefs.h.  */
| 
| int
| main (void)
| {
| (void) strchr;
|   ;
|   return 0;
| }
configure:13999: gcc -c -g -O2   conftest.c >&5
configure:13999: $? = 0
configure:14016: result: none needed
configure:14030: checking whether strerror_r is declared
configure:14030: gcc -c -g -O2   conftest.c >&5
configure:14030: $? = 0
configure:14030: result: yes
configure:14049: checking whether strerror_r returns char *
configure:14074: gcc -c -g -O2  conftest.c >&5
configure:14074: $? = 0
configure:14083: result: yes
configure:14108: checking for strerror_r
configure:14108: gcc -o conftest -g -O2   conftest.c  >&5
configure:14108: $? = 0
configure:14108: result: yes
configure:14125: checking for flockfile
configure:14125: gcc -o conftest -g -O2   conftest.c  >&5
configure:14125: $? = 0
configure:14125: result: yes
configure:14131: checking for vasprintf
configure:14131: gcc -o conftest -g -O2   conftest.c  >&5
configure:14131: $? = 0
configure:14131: result: yes
configure:14137: checking for mmap
configure:14137: gcc -o conftest -g -O2   conftest.c  >&5
configure:14137: $? = 0
configure:14137: result: yes
configure:14143: checking for rand
configure:14143: gcc -o conftest -g -O2   conftest.c  >&5
configure:14143: $? = 0
configure:14143: result: yes
configure:14149: checking for strlwr
configure:14149: gcc -o conftest -g -O2   conftest.c  >&5
/bin/ld: /tmp/cc4IwIPC.o: in function `main':
/home/jasmine/encryption/libg-lite/libgpg-error-1.49/conftest.c:86: undefined reference to `strlwr'
collect2: error: ld returned 1 exit status
configure:14149: $? = 1
configure: failed program was:
| /* confdefs.h */
| #define PACKAGE_NAME "libgpg-error"
| #define PACKAGE_TARNAME "libgpg-error"
| #define PACKAGE_VERSION "1.49"
| #define PACKAGE_STRING "libgpg-error 1.49"
| #define PACKAGE_BUGREPORT "https://bugs.gnupg.org"
| #define PACKAGE_URL ""
| #define PACKAGE "libgpg-error"
| #define VERSION "1.49"
| #define HAVE_STDIO_H 1
| #define HAVE_STDLIB_H 1
| #define HAVE_STRING_H 1
| #define HAVE_INTTYPES_H 1
| #define HAVE_STDINT_H 1
| #define HAVE_STRINGS_H 1
| #define HAVE_SYS_STAT_H 1
| #define HAVE_SYS_TYPES_H 1
| #define HAVE_UNISTD_H 1
| #define HAVE_WCHAR_H 1
| #define HAVE_THREADS_H 1
| #define STDC_HEADERS 1
| #define _ALL_SOURCE 1
| #define _DARWIN_C_SOURCE 1
| #define _GNU_SOURCE 1
| #define _HPUX_ALT_XOPEN_SOCKET_API 1
| #define _NETBSD_SOURCE 1
| #define _OPENBSD_SOURCE 1
| #define _POSIX_PTHREAD_SEMANTICS 1
| #define __STDC_WANT_IEC_60559_ATTRIBS_EXT__ 1
| #define __STDC_WANT_IEC_60559_BFP_EXT__ 1
| #define __STDC_WANT_IEC_60559_DFP_EXT__ 1
| #define __STDC_WANT_IEC_60559_FUNCS_EXT__ 1
| #define __STDC_WANT_IEC_60559_TYPES_EXT__ 1
| #define __STDC_WANT_LIB_EXT2__ 1
| #define __STDC_WANT_MATH_SPEC_FUNCS__ 1
| #define _TANDEM_SOURCE 1
| #define __EXTENSIONS__ 1
| #define HAVE_LANGINFO_CODESET 1
| #define HAVE_DLFCN_H 1
| #define LT_OBJDIR ".libs/"
| #define ENABLE_NLS 1
| #define HAVE_GETTEXT 1
| #define HAVE_DCGETTEXT 1
| #define HAVE_LOCALE_H 1
| #define HAVE_STDINT_H 1
| #define HAVE_SYS_SELECT_H 1
| #define HAVE_SYS_TIME_H 1
| #define HAVE_SIGNAL_H 1
| #define HAVE_POLL_H 1
| #define HAVE_PWD_H 1
| #define HAVE_DECL_STRERROR_R 1
| #define HAVE_STRERROR_R 1
| #define STRERROR_R_CHAR_P 1
| #define HAVE_FLOCKFILE 1
| #define HAVE_VASPRINTF 1
| #define HAVE_MMAP 1
| #define HAVE_RAND 1
| /* end confdefs.h.  */
| /* Define strlwr to an innocuous variant, in case <limits.h> declares strlwr.
|    For example, HP-UX 11i <limits.h> declares gettimeofday.  */
| #define strlwr innocuous_strlwr
| 
| /* System header to define __stub macros and hopefully few prototypes,
|    which can conflict with char strlwr (); below.  */
| 
| #include <limits.h>
| #undef strlwr
| 
| /* Override any GCC internal prototype to avoid an error.
|    Use char because int might match the return type of a GCC
|    builtin and then its argument prototype would still apply.  */
| #ifdef __cplusplus
| extern "C"
| #endif
| char strlwr ();
| /* The GNU C library defines this for functions which it implements
|     to always fail with ENOSYS.  Some functions are actually named
|     something starting with __ and the normal name is an alias.  */
| #if defined __stub_strlwr || defined __stub___strlwr
| choke me
| #endif
| 
| int
| main (void)
| {
| return strlwr ();
|   ;
|   return 0;
| }
configure:14149: result: no
configure:14155: checking for stpcpy
configure:14155: gcc -o conftest -g -O2   conftest.c  >&5
conftest.c:75:6: warning: conflicting types for built-in function 'stpcpy' [-Wbuiltin-declaration-mismatch]
 char stpcpy ();
      ^~~~~~
configure:14155: $? = 0
configure:14155: result: yes
configure:14161: checking for setenv
configure:14161: gcc -o conftest -g -O2   conftest.c  >&5
configure:14161: $? = 0
configure:14161: result: yes
configure:14167: checking for stat
configure:14167: gcc -o conftest -g -O2   conftest.c  >&5
configure:14167: $? = 0
configure:14167: result: yes
configure:14173: checking for getrlimit
configure:14173: gcc -o conftest -g -O2   conftest.c  >&5
configure:14173: $? = 0
configure:14173: result: yes
configure:14179: checking for getpwnam
configure:14179: gcc -o conftest -g -O2   conftest.c  >&5
configure:14179: $? = 0
configure:14179: result: yes
configure:14185: checking for getpwuid
configure:14185: gcc -o conftest -g -O2   conftest.c  >&5
configure:14185: $? = 0
configure:14185: result: yes
configure:14191: checking for getpwnam_r
configure:14191: gcc -o conftest -g -O2   conftest.c  >&5
configure:14191: $? = 0
configure:14191: result: yes
configure:14197: checking for getpwuid_r
configure:14197: gcc -o conftest -g -O2   conftest.c  >&5
configure:14197: $? = 0
configure:14197: result: yes
configure:14203: checking for inet_pton
configure:14203: gcc -o conftest -g -O2   conftest.c  >&5
configure:14203: $? = 0
configure:14203: result: yes
configure:14215: checking for an ANSI C-conforming const
configure:14282: gcc -c -g -O2  conftest.c >&5
configure:14282: $? = 0
configure:14290: result: yes
configure:14303: checking size of int
configure:14309: gcc -o conftest -g -O2   conftest.c  >&5
configure:14309: $? = 0
configure:14309: ./conftest
configure:14309: $? = 0
configure:14324: result: 4
configure:14336: checking size of long
configure:14342: gcc -o conftest -g -O2   conftest.c  >&5
configure:14342: $? = 0
configure:14342: ./conftest
configure:14342: $? = 0
configure:14357: result: 8
configure:14369: checking size of long long
configure:14375: gcc -o conftest -g -O2   conftest.c  >&5
configure:14375: $? = 0
configure:14375: ./conftest
configure:14375: $? = 0
configure:14390: result: 8
configure:14399: checking for sys/stat.h
configure:14399: result: yes
configure:14405: checking for unistd.h
configure:14405: result: yes
configure:14411: checking for direct.h
configure:14411: gcc -c -g -O2  conftest.c >&5
conftest.c:101:10: fatal error: direct.h: No such file or directory
 #include <direct.h>
          ^~~~~~~~~~
compilation terminated.
configure:14411: $? = 1
configure: failed program was:
| /* confdefs.h */
| #define PACKAGE_NAME "libgpg-error"
| #define PACKAGE_TARNAME "libgpg-error"
| #define PACKAGE_VERSION "1.49"
| #define PACKAGE_STRING "libgpg-error 1.49"
| #define PACKAGE_BUGREPORT "https://bugs.gnupg.org"
| #define PACKAGE_URL ""
| #define PACKAGE "libgpg-error"
| #define VERSION "1.49"
| #define HAVE_STDIO_H 1
| #define HAVE_STDLIB_H 1
| #define HAVE_STRING_H 1
| #define HAVE_INTTYPES_H 1
| #define HAVE_STDINT_H 1
| #define HAVE_STRINGS_H 1
| #define HAVE_SYS_STAT_H 1
| #define HAVE_SYS_TYPES_H 1
| #define HAVE_UNISTD_H 1
| #define HAVE_WCHAR_H 1
| #define HAVE_THREADS_H 1
| #define STDC_HEADERS 1
| #define _ALL_SOURCE 1
| #define _DARWIN_C_SOURCE 1
| #define _GNU_SOURCE 1
| #define _HPUX_ALT_XOPEN_SOCKET_API 1
| #define _NETBSD_SOURCE 1
| #define _OPENBSD_SOURCE 1
| #define _POSIX_PTHREAD_SEMANTICS 1
| #define __STDC_WANT_IEC_60559_ATTRIBS_EXT__ 1
| #define __STDC_WANT_IEC_60559_BFP_EXT__ 1
| #define __STDC_WANT_IEC_60559_DFP_EXT__ 1
| #define __STDC_WANT_IEC_60559_FUNCS_EXT__ 1
| #define __STDC_WANT_IEC_60559_TYPES_EXT__ 1
| #define __STDC_WANT_LIB_EXT2__ 1
| #define __STDC_WANT_MATH_SPEC_FUNCS__ 1
| #define _TANDEM_SOURCE 1
| #define __EXTENSIONS__ 1
| #define HAVE_LANGINFO_CODESET 1
| #define HAVE_DLFCN_H 1
| #define LT_OBJDIR ".libs/"
| #define ENABLE_NLS 1
| #define HAVE_GETTEXT 1
| #define HAVE_DCGETTEXT 1
| #define HAVE_LOCALE_H 1
| #define HAVE_STDINT_H 1
| #define HAVE_SYS_SELECT_H 1
| #define HAVE_SYS_TIME_H 1
| #define HAVE_SIGNAL_H 1
| #define HAVE_POLL_H 1
| #define HAVE_PWD_H 1
| #define HAVE_DECL_STRERROR_R 1
| #define HAVE_STRERROR_R 1
| #define STRERROR_R_CHAR_P 1
| #define HAVE_FLOCKFILE 1
| #define HAVE_VASPRINTF 1
| #define HAVE_MMAP 1
| #define HAVE_RAND 1
| #define HAVE_STPCPY 1
| #define HAVE_SETENV 1
| #define HAVE_STAT 1
| #define HAVE_GETRLIMIT 1
| #define HAVE_GETPWNAM 1
| #define HAVE_GETPWUID 1
| #define HAVE_GETPWNAM_R 1
| #define HAVE_GETPWUID_R 1
| #define HAVE_INET_PTON 1
| #define SIZEOF_INT 4
| #define SIZEOF_LONG 8
| #define SIZEOF_LONG_LONG 8
| #define HAVE_SYS_STAT_H 1
| #define HAVE_UNISTD_H 1
| /* end confdefs.h.  */
| #include <stddef.h>
| #ifdef HAVE_STDIO_H
| # include <stdio.h>
| #endif
| #ifdef HAVE_STDLIB_H
| # include <stdlib.h>
| #endif
| #ifdef HAVE_STRING_H
| # include <string.h>
| #endif
| #ifdef HAVE_INTTYPES_H
| # include <inttypes.h>
| #endif
| #ifdef HAVE_STDINT_H
| # include <stdint.h>
| #endif
| #ifdef HAVE_STRINGS_H
| # include <strings.h>
| #endif
| #ifdef HAVE_SYS_TYPES_H
| # include <sys/types.h>
| #endif
| #ifdef HAVE_SYS_STAT_H
| # include <sys/stat.h>
| #endif
| #ifdef HAVE_UNISTD_H
| # include <unistd.h>
| #endif
| #include <direct.h>
configure:14411: result: no
configure:14418: checking if mkdir takes one argument
configure:14445: gcc -c -g -O2  conftest.c >&5
configure:14445: $? = 0
configure:14453: result: no
configure:14487: checking for cc features
configure:14492: checking if gcc ignores unknown -Wno-* options
configure:14508: gcc -c -g -O2  conftest.c >&5
configure:14508: $? = 0
configure:14515: result: yes
configure:14593: checking if gcc supports -Wpointer-arith
configure:14608: gcc -c -Wpointer-arith  conftest.c >&5
configure:14608: $? = 0
configure:14615: result: yes
configure:14634: checking whether the GCC style aligned attribute is supported
configure:14645: gcc -c -g -O2 -Wall -Wpointer-arith -Wno-psabi  conftest.c >&5
configure:14645: $? = 0
configure:14651: result: yes
configure:14662: checking whether the visibility attribute is supported
configure:14686: result: yes
configure:14689: checking for broken visibility attribute
configure:14714: result: no
configure:14718: checking for broken alias attribute
configure:14745: result: no
configure:14749: checking if gcc supports -fvisibility=hidden
configure:14769: gcc -c -fvisibility=hidden  conftest.c >&5
configure:14769: $? = 0
configure:14777: result: yes
configure:14853: checking whether imported symbols can be declared weak
configure:14872: gcc -o conftest -g -O2 -Wall -Wpointer-arith -Wno-psabi -fvisibility=hidden   conftest.c  >&5
configure:14872: $? = 0
configure:14909: gcc -o conftest -g -O2 -Wall -Wpointer-arith -Wno-psabi -fvisibility=hidden   conftest.c  >&5
configure:14909: $? = 0
configure:14909: ./conftest
configure:14909: $? = 0
configure:14946: result: yes
configure:14975: checking for pthread.h
configure:14975: gcc -c -g -O2 -Wall -Wpointer-arith -Wno-psabi -fvisibility=hidden  conftest.c >&5
configure:14975: $? = 0
configure:14975: result: yes
configure:15012: gcc -o conftest -g -O2 -Wall -Wpointer-arith -Wno-psabi -fvisibility=hidden   conftest.c   >&5
/bin/ld: /tmp/cc9T5b8u.o: in function `main':
/home/jasmine/encryption/libg-lite/libgpg-error-1.49/conftest.c:85: undefined reference to `pthread_mutexattr_init'
collect2: error: ld returned 1 exit status
configure:15012: $? = 1
configure: failed program was:
| /* confdefs.h */
| #define PACKAGE_NAME "libgpg-error"
| #define PACKAGE_TARNAME "libgpg-error"
| #define PACKAGE_VERSION "1.49"
| #define PACKAGE_STRING "libgpg-error 1.49"
| #define PACKAGE_BUGREPORT "https://bugs.gnupg.org"
| #define PACKAGE_URL ""
| #define PACKAGE "libgpg-error"
| #define VERSION "1.49"
| #define HAVE_STDIO_H 1
| #define HAVE_STDLIB_H 1
| #define HAVE_STRING_H 1
| #define HAVE_INTTYPES_H 1
| #define HAVE_STDINT_H 1
| #define HAVE_STRINGS_H 1
| #define HAVE_SYS_STAT_H 1
| #define HAVE_SYS_TYPES_H 1
| #define HAVE_UNISTD_H 1
| #define HAVE_WCHAR_H 1
| #define HAVE_THREADS_H 1
| #define STDC_HEADERS 1
| #define _ALL_SOURCE 1
| #define _DARWIN_C_SOURCE 1
| #define _GNU_SOURCE 1
| #define _HPUX_ALT_XOPEN_SOCKET_API 1
| #define _NETBSD_SOURCE 1
| #define _OPENBSD_SOURCE 1
| #define _POSIX_PTHREAD_SEMANTICS 1
| #define __STDC_WANT_IEC_60559_ATTRIBS_EXT__ 1
| #define __STDC_WANT_IEC_60559_BFP_EXT__ 1
| #define __STDC_WANT_IEC_60559_DFP_EXT__ 1
| #define __STDC_WANT_IEC_60559_FUNCS_EXT__ 1
| #define __STDC_WANT_IEC_60559_TYPES_EXT__ 1
| #define __STDC_WANT_LIB_EXT2__ 1
| #define __STDC_WANT_MATH_SPEC_FUNCS__ 1
| #define _TANDEM_SOURCE 1
| #define __EXTENSIONS__ 1
| #define HAVE_LANGINFO_CODESET 1
| #define HAVE_DLFCN_H 1
| #define LT_OBJDIR ".libs/"
| #define ENABLE_NLS 1
| #define HAVE_GETTEXT 1
| #define HAVE_DCGETTEXT 1
| #define HAVE_LOCALE_H 1
| #define HAVE_STDINT_H 1
| #define HAVE_SYS_SELECT_H 1
| #define HAVE_SYS_TIME_H 1
| #define HAVE_SIGNAL_H 1
| #define HAVE_POLL_H 1
| #define HAVE_PWD_H 1
| #define HAVE_DECL_STRERROR_R 1
| #define HAVE_STRERROR_R 1
| #define STRERROR_R_CHAR_P 1
| #define HAVE_FLOCKFILE 1
| #define HAVE_VASPRINTF 1
| #define HAVE_MMAP 1
| #define HAVE_RAND 1
| #define HAVE_STPCPY 1
| #define HAVE_SETENV 1
| #define HAVE_STAT 1
| #define HAVE_GETRLIMIT 1
| #define HAVE_GETPWNAM 1
| #define HAVE_GETPWUID 1
| #define HAVE_GETPWNAM_R 1
| #define HAVE_GETPWUID_R 1
| #define HAVE_INET_PTON 1
| #define SIZEOF_INT 4
| #define SIZEOF_LONG 8
| #define SIZEOF_LONG_LONG 8
| #define HAVE_SYS_STAT_H 1
| #define HAVE_UNISTD_H 1
| #define REPLACEMENT_FOR_OFF_T "long"
| #define HAVE_GCC_ATTRIBUTE_ALIGNED 1
| #define GPGRT_USE_VISIBILITY 1
| #define HAVE_WEAK_SYMBOLS 1
| /* end confdefs.h.  */
| #include <pthread.h>
|                pthread_mutex_t m;
|                pthread_mutexattr_t ma;
| 
| int
| main (void)
| {
| pthread_mutex_lock (&m);
|                pthread_mutexattr_init (&ma);
|   ;
|   return 0;
| }
configure:15012: gcc -o conftest -g -O2 -Wall -Wpointer-arith -Wno-psabi -fvisibility=hidden   conftest.c  -pthread >&5
configure:15012: $? = 0
configure:18330: gl_pthread_api=yes
configure:18331: LIBPTHREAD=-pthread
configure:18357: gl_pthread_in_glibc=no
configure:18511: LIBPMULTITHREAD=-pthread
configure:15206: checking whether POSIX threads API is available
configure:15208: result: yes
configure:15229: gcc -o conftest -g -O2 -Wall -Wpointer-arith -Wno-psabi -fvisibility=hidden   conftest.c  >&5
configure:15229: $? = 0
configure:15830: checking for multithread API to use
configure:15832: result: posix
configure:15848: checking for pthread_rwlock_t
configure:15848: gcc -c -g -O2 -Wall -Wpointer-arith -Wno-psabi -fvisibility=hidden  conftest.c >&5
configure:15848: $? = 0
configure:15848: gcc -c -g -O2 -Wall -Wpointer-arith -Wno-psabi -fvisibility=hidden  conftest.c >&5
conftest.c: In function 'main':
conftest.c:85:31: error: expected expression before ')' token
 if (sizeof ((pthread_rwlock_t)))
                               ^
configure:15848: $? = 1
configure: failed program was:
| /* confdefs.h */
| #define PACKAGE_NAME "libgpg-error"
| #define PACKAGE_TARNAME "libgpg-error"
| #define PACKAGE_VERSION "1.49"
| #define PACKAGE_STRING "libgpg-error 1.49"
| #define PACKAGE_BUGREPORT "https://bugs.gnupg.org"
| #define PACKAGE_URL ""
| #define PACKAGE "libgpg-error"
| #define VERSION "1.49"
| #define HAVE_STDIO_H 1
| #define HAVE_STDLIB_H 1
| #define HAVE_STRING_H 1
| #define HAVE_INTTYPES_H 1
| #define HAVE_STDINT_H 1
| #define HAVE_STRINGS_H 1
| #define HAVE_SYS_STAT_H 1
| #define HAVE_SYS_TYPES_H 1
| #define HAVE_UNISTD_H 1
| #define HAVE_WCHAR_H 1
| #define HAVE_THREADS_H 1
| #define STDC_HEADERS 1
| #define _ALL_SOURCE 1
| #define _DARWIN_C_SOURCE 1
| #define _GNU_SOURCE 1
| #define _HPUX_ALT_XOPEN_SOCKET_API 1
| #define _NETBSD_SOURCE 1
| #define _OPENBSD_SOURCE 1
| #define _POSIX_PTHREAD_SEMANTICS 1
| #define __STDC_WANT_IEC_60559_ATTRIBS_EXT__ 1
| #define __STDC_WANT_IEC_60559_BFP_EXT__ 1
| #define __STDC_WANT_IEC_60559_DFP_EXT__ 1
| #define __STDC_WANT_IEC_60559_FUNCS_EXT__ 1
| #define __STDC_WANT_IEC_60559_TYPES_EXT__ 1
| #define __STDC_WANT_LIB_EXT2__ 1
| #define __STDC_WANT_MATH_SPEC_FUNCS__ 1
| #define _TANDEM_SOURCE 1
| #define __EXTENSIONS__ 1
| #define HAVE_LANGINFO_CODESET 1
| #define HAVE_DLFCN_H 1
| #define LT_OBJDIR ".libs/"
| #define ENABLE_NLS 1
| #define HAVE_GETTEXT 1
| #define HAVE_DCGETTEXT 1
| #define HAVE_LOCALE_H 1
| #define HAVE_STDINT_H 1
| #define HAVE_SYS_SELECT_H 1
| #define HAVE_SYS_TIME_H 1
| #define HAVE_SIGNAL_H 1
| #define HAVE_POLL_H 1
| #define HAVE_PWD_H 1
| #define HAVE_DECL_STRERROR_R 1
| #define HAVE_STRERROR_R 1
| #define STRERROR_R_CHAR_P 1
| #define HAVE_FLOCKFILE 1
| #define HAVE_VASPRINTF 1
| #define HAVE_MMAP 1
| #define HAVE_RAND 1
| #define HAVE_STPCPY 1
| #define HAVE_SETENV 1
| #define HAVE_STAT 1
| #define HAVE_GETRLIMIT 1
| #define HAVE_GETPWNAM 1
| #define HAVE_GETPWUID 1
| #define HAVE_GETPWNAM_R 1
| #define HAVE_GETPWUID_R 1
| #define HAVE_INET_PTON 1
| #define SIZEOF_INT 4
| #define SIZEOF_LONG 8
| #define SIZEOF_LONG_LONG 8
| #define HAVE_SYS_STAT_H 1
| #define HAVE_UNISTD_H 1
| #define REPLACEMENT_FOR_OFF_T "long"
| #define HAVE_GCC_ATTRIBUTE_ALIGNED 1
| #define GPGRT_USE_VISIBILITY 1
| #define HAVE_WEAK_SYMBOLS 1
| #define HAVE_PTHREAD_API 1
| #define USE_POSIX_THREADS 1
| #define USE_POSIX_THREADS_WEAK 1
| /* end confdefs.h.  */
| #include <pthread.h>
| 
| int
| main (void)
| {
| if (sizeof ((pthread_rwlock_t)))
| 	    return 0;
|   ;
|   return 0;
| }
configure:15848: result: yes
configure:15880: gcc -c -g -O2 -Wall -Wpointer-arith -Wno-psabi -fvisibility=hidden  conftest.c >&5
configure:15880: $? = 0
configure:15895: checking size of pthread_mutex_t
configure:15901: gcc -o conftest -g -O2 -Wall -Wpointer-arith -Wno-psabi -fvisibility=hidden   conftest.c  >&5
configure:15901: $? = 0
configure:15901: ./conftest
configure:15901: $? = 0
configure:15918: result: 40
configure:15926: checking for sys/single_threaded.h
configure:15926: gcc -c -g -O2 -Wall -Wpointer-arith -Wno-psabi -fvisibility=hidden  conftest.c >&5
conftest.c:111:10: fatal error: sys/single_threaded.h: No such file or directory
 #include <sys/single_threaded.h>
          ^~~~~~~~~~~~~~~~~~~~~~~
compilation terminated.
configure:15926: $? = 1
configure: failed program was:
| /* confdefs.h */
| #define PACKAGE_NAME "libgpg-error"
| #define PACKAGE_TARNAME "libgpg-error"
| #define PACKAGE_VERSION "1.49"
| #define PACKAGE_STRING "libgpg-error 1.49"
| #define PACKAGE_BUGREPORT "https://bugs.gnupg.org"
| #define PACKAGE_URL ""
| #define PACKAGE "libgpg-error"
| #define VERSION "1.49"
| #define HAVE_STDIO_H 1
| #define HAVE_STDLIB_H 1
| #define HAVE_STRING_H 1
| #define HAVE_INTTYPES_H 1
| #define HAVE_STDINT_H 1
| #define HAVE_STRINGS_H 1
| #define HAVE_SYS_STAT_H 1
| #define HAVE_SYS_TYPES_H 1
| #define HAVE_UNISTD_H 1
| #define HAVE_WCHAR_H 1
| #define HAVE_THREADS_H 1
| #define STDC_HEADERS 1
| #define _ALL_SOURCE 1
| #define _DARWIN_C_SOURCE 1
| #define _GNU_SOURCE 1
| #define _HPUX_ALT_XOPEN_SOCKET_API 1
| #define _NETBSD_SOURCE 1
| #define _OPENBSD_SOURCE 1
| #define _POSIX_PTHREAD_SEMANTICS 1
| #define __STDC_WANT_IEC_60559_ATTRIBS_EXT__ 1
| #define __STDC_WANT_IEC_60559_BFP_EXT__ 1
| #define __STDC_WANT_IEC_60559_DFP_EXT__ 1
| #define __STDC_WANT_IEC_60559_FUNCS_EXT__ 1
| #define __STDC_WANT_IEC_60559_TYPES_EXT__ 1
| #define __STDC_WANT_LIB_EXT2__ 1
| #define __STDC_WANT_MATH_SPEC_FUNCS__ 1
| #define _TANDEM_SOURCE 1
| #define __EXTENSIONS__ 1
| #define HAVE_LANGINFO_CODESET 1
| #define HAVE_DLFCN_H 1
| #define LT_OBJDIR ".libs/"
| #define ENABLE_NLS 1
| #define HAVE_GETTEXT 1
| #define HAVE_DCGETTEXT 1
| #define HAVE_LOCALE_H 1
| #define HAVE_STDINT_H 1
| #define HAVE_SYS_SELECT_H 1
| #define HAVE_SYS_TIME_H 1
| #define HAVE_SIGNAL_H 1
| #define HAVE_POLL_H 1
| #define HAVE_PWD_H 1
| #define HAVE_DECL_STRERROR_R 1
| #define HAVE_STRERROR_R 1
| #define STRERROR_R_CHAR_P 1
| #define HAVE_FLOCKFILE 1
| #define HAVE_VASPRINTF 1
| #define HAVE_MMAP 1
| #define HAVE_RAND 1
| #define HAVE_STPCPY 1
| #define HAVE_SETENV 1
| #define HAVE_STAT 1
| #define HAVE_GETRLIMIT 1
| #define HAVE_GETPWNAM 1
| #define HAVE_GETPWUID 1
| #define HAVE_GETPWNAM_R 1
| #define HAVE_GETPWUID_R 1
| #define HAVE_INET_PTON 1
| #define SIZEOF_INT 4
| #define SIZEOF_LONG 8
| #define SIZEOF_LONG_LONG 8
| #define HAVE_SYS_STAT_H 1
| #define HAVE_UNISTD_H 1
| #define REPLACEMENT_FOR_OFF_T "long"
| #define HAVE_GCC_ATTRIBUTE_ALIGNED 1
| #define GPGRT_USE_VISIBILITY 1
| #define HAVE_WEAK_SYMBOLS 1
| #define HAVE_PTHREAD_API 1
| #define USE_POSIX_THREADS 1
| #define USE_POSIX_THREADS_WEAK 1
| #define HAVE_PTHREAD_RWLOCK 1
| #define HAVE_PTHREAD_MUTEX_RECURSIVE 1
| #define SIZEOF_PTHREAD_MUTEX_T 40
| /* end confdefs.h.  */
| #include <stddef.h>
| #ifdef HAVE_STDIO_H
| # include <stdio.h>
| #endif
| #ifdef HAVE_STDLIB_H
| # include <stdlib.h>
| #endif
| #ifdef HAVE_STRING_H
| # include <string.h>
| #endif
| #ifdef HAVE_INTTYPES_H
| # include <inttypes.h>
| #endif
| #ifdef HAVE_STDINT_H
| # include <stdint.h>
| #endif
| #ifdef HAVE_STRINGS_H
| # include <strings.h>
| #endif
| #ifdef HAVE_SYS_TYPES_H
| # include <sys/types.h>
| #endif
| #ifdef HAVE_SYS_STAT_H
| # include <sys/stat.h>
| #endif
| #ifdef HAVE_UNISTD_H
| # include <unistd.h>
| #endif
| #include <sys/single_threaded.h>
configure:15926: result: no
configure:15944: checking for library containing sched_yield
configure:15974: gcc -o conftest -g -O2 -Wall -Wpointer-arith -Wno-psabi -fvisibility=hidden   conftest.c  >&5
configure:15974: $? = 0
configure:15994: result: none required
configure:16009: checking for library containing inet_addr
configure:16039: gcc -o conftest -g -O2 -Wall -Wpointer-arith -Wno-psabi -fvisibility=hidden   conftest.c  >&5
configure:16039: $? = 0
configure:16059: result: none required
configure:16070: checking for library containing socket
configure:16100: gcc -o conftest -g -O2 -Wall -Wpointer-arith -Wno-psabi -fvisibility=hidden   conftest.c  >&5
configure:16100: $? = 0
configure:16120: result: none required
configure:16159: checking whether readline via "-lreadline" is present and sane
configure:16184: gcc -o conftest -g -O2 -Wall -Wpointer-arith -Wno-psabi -fvisibility=hidden   conftest.c  -lreadline >&5
conftest.c: In function 'main':
conftest.c:92:23: warning: unused variable 'completer' [-Wunused-variable]
 rl_completion_func_t *completer;
                       ^~~~~~~~~
configure:16184: $? = 0
configure:16193: result: yes
configure:16221: checking for unsigned long long int
configure:16263: gcc -o conftest -g -O2 -Wall -Wpointer-arith -Wno-psabi -fvisibility=hidden   conftest.c  >&5
configure:16263: $? = 0
configure:16273: result: yes
configure:16282: checking system features for estream-printf
configure:16284: checking for stdint.h
configure:16284: result: yes
configure:16293: checking for long long int
configure:16335: gcc -o conftest -g -O2 -Wall -Wpointer-arith -Wno-psabi -fvisibility=hidden   conftest.c  >&5
configure:16335: $? = 0
configure:16335: ./conftest
configure:16335: $? = 0
configure:16348: result: yes
configure:16357: checking for long double
configure:16392: result: yes
configure:16402: checking for intmax_t
configure:16402: gcc -c -g -O2 -Wall -Wpointer-arith -Wno-psabi -fvisibility=hidden  conftest.c >&5
configure:16402: $? = 0
configure:16402: gcc -c -g -O2 -Wall -Wpointer-arith -Wno-psabi -fvisibility=hidden  conftest.c >&5
conftest.c: In function 'main':
conftest.c:119:23: error: expected expression before ')' token
 if (sizeof ((intmax_t)))
                       ^
configure:16402: $? = 1
configure: failed program was:
| /* confdefs.h */
| #define PACKAGE_NAME "libgpg-error"
| #define PACKAGE_TARNAME "libgpg-error"
| #define PACKAGE_VERSION "1.49"
| #define PACKAGE_STRING "libgpg-error 1.49"
| #define PACKAGE_BUGREPORT "https://bugs.gnupg.org"
| #define PACKAGE_URL ""
| #define PACKAGE "libgpg-error"
| #define VERSION "1.49"
| #define HAVE_STDIO_H 1
| #define HAVE_STDLIB_H 1
| #define HAVE_STRING_H 1
| #define HAVE_INTTYPES_H 1
| #define HAVE_STDINT_H 1
| #define HAVE_STRINGS_H 1
| #define HAVE_SYS_STAT_H 1
| #define HAVE_SYS_TYPES_H 1
| #define HAVE_UNISTD_H 1
| #define HAVE_WCHAR_H 1
| #define HAVE_THREADS_H 1
| #define STDC_HEADERS 1
| #define _ALL_SOURCE 1
| #define _DARWIN_C_SOURCE 1
| #define _GNU_SOURCE 1
| #define _HPUX_ALT_XOPEN_SOCKET_API 1
| #define _NETBSD_SOURCE 1
| #define _OPENBSD_SOURCE 1
| #define _POSIX_PTHREAD_SEMANTICS 1
| #define __STDC_WANT_IEC_60559_ATTRIBS_EXT__ 1
| #define __STDC_WANT_IEC_60559_BFP_EXT__ 1
| #define __STDC_WANT_IEC_60559_DFP_EXT__ 1
| #define __STDC_WANT_IEC_60559_FUNCS_EXT__ 1
| #define __STDC_WANT_IEC_60559_TYPES_EXT__ 1
| #define __STDC_WANT_LIB_EXT2__ 1
| #define __STDC_WANT_MATH_SPEC_FUNCS__ 1
| #define _TANDEM_SOURCE 1
| #define __EXTENSIONS__ 1
| #define HAVE_LANGINFO_CODESET 1
| #define HAVE_DLFCN_H 1
| #define LT_OBJDIR ".libs/"
| #define ENABLE_NLS 1
| #define HAVE_GETTEXT 1
| #define HAVE_DCGETTEXT 1
| #define HAVE_LOCALE_H 1
| #define HAVE_STDINT_H 1
| #define HAVE_SYS_SELECT_H 1
| #define HAVE_SYS_TIME_H 1
| #define HAVE_SIGNAL_H 1
| #define HAVE_POLL_H 1
| #define HAVE_PWD_H 1
| #define HAVE_DECL_STRERROR_R 1
| #define HAVE_STRERROR_R 1
| #define STRERROR_R_CHAR_P 1
| #define HAVE_FLOCKFILE 1
| #define HAVE_VASPRINTF 1
| #define HAVE_MMAP 1
| #define HAVE_RAND 1
| #define HAVE_STPCPY 1
| #define HAVE_SETENV 1
| #define HAVE_STAT 1
| #define HAVE_GETRLIMIT 1
| #define HAVE_GETPWNAM 1
| #define HAVE_GETPWUID 1
| #define HAVE_GETPWNAM_R 1
| #define HAVE_GETPWUID_R 1
| #define HAVE_INET_PTON 1
| #define SIZEOF_INT 4
| #define SIZEOF_LONG 8
| #define SIZEOF_LONG_LONG 8
| #define HAVE_SYS_STAT_H 1
| #define HAVE_UNISTD_H 1
| #define REPLACEMENT_FOR_OFF_T "long"
| #define HAVE_GCC_ATTRIBUTE_ALIGNED 1
| #define GPGRT_USE_VISIBILITY 1
| #define HAVE_WEAK_SYMBOLS 1
| #define HAVE_PTHREAD_API 1
| #define USE_POSIX_THREADS 1
| #define USE_POSIX_THREADS_WEAK 1
| #define HAVE_PTHREAD_RWLOCK 1
| #define HAVE_PTHREAD_MUTEX_RECURSIVE 1
| #define SIZEOF_PTHREAD_MUTEX_T 40
| #define HAVE_LIBREADLINE 1
| #define HAVE_UNSIGNED_LONG_LONG_INT 1
| #define HAVE_STDINT_H 1
| #define HAVE_LONG_LONG_INT 1
| #define HAVE_LONG_DOUBLE 1
| /* end confdefs.h.  */
| #include <stddef.h>
| #ifdef HAVE_STDIO_H
| # include <stdio.h>
| #endif
| #ifdef HAVE_STDLIB_H
| # include <stdlib.h>
| #endif
| #ifdef HAVE_STRING_H
| # include <string.h>
| #endif
| #ifdef HAVE_INTTYPES_H
| # include <inttypes.h>
| #endif
| #ifdef HAVE_STDINT_H
| # include <stdint.h>
| #endif
| #ifdef HAVE_STRINGS_H
| # include <strings.h>
| #endif
| #ifdef HAVE_SYS_TYPES_H
| # include <sys/types.h>
| #endif
| #ifdef HAVE_SYS_STAT_H
| # include <sys/stat.h>
| #endif
| #ifdef HAVE_UNISTD_H
| # include <unistd.h>
| #endif
| int
| main (void)
| {
| if (sizeof ((intmax_t)))
| 	    return 0;
|   ;
|   return 0;
| }
configure:16402: result: yes
configure:16420: checking for uintmax_t
configure:16420: gcc -c -g -O2 -Wall -Wpointer-arith -Wno-psabi -fvisibility=hidden  conftest.c >&5
configure:16420: $? = 0
configure:16420: gcc -c -g -O2 -Wall -Wpointer-arith -Wno-psabi -fvisibility=hidden  conftest.c >&5
conftest.c: In function 'main':
conftest.c:120:24: error: expected expression before ')' token
 if (sizeof ((uintmax_t)))
                        ^
configure:16420: $? = 1
configure: failed program was:
| /* confdefs.h */
| #define PACKAGE_NAME "libgpg-error"
| #define PACKAGE_TARNAME "libgpg-error"
| #define PACKAGE_VERSION "1.49"
| #define PACKAGE_STRING "libgpg-error 1.49"
| #define PACKAGE_BUGREPORT "https://bugs.gnupg.org"
| #define PACKAGE_URL ""
| #define PACKAGE "libgpg-error"
| #define VERSION "1.49"
| #define HAVE_STDIO_H 1
| #define HAVE_STDLIB_H 1
| #define HAVE_STRING_H 1
| #define HAVE_INTTYPES_H 1
| #define HAVE_STDINT_H 1
| #define HAVE_STRINGS_H 1
| #define HAVE_SYS_STAT_H 1
| #define HAVE_SYS_TYPES_H 1
| #define HAVE_UNISTD_H 1
| #define HAVE_WCHAR_H 1
| #define HAVE_THREADS_H 1
| #define STDC_HEADERS 1
| #define _ALL_SOURCE 1
| #define _DARWIN_C_SOURCE 1
| #define _GNU_SOURCE 1
| #define _HPUX_ALT_XOPEN_SOCKET_API 1
| #define _NETBSD_SOURCE 1
| #define _OPENBSD_SOURCE 1
| #define _POSIX_PTHREAD_SEMANTICS 1
| #define __STDC_WANT_IEC_60559_ATTRIBS_EXT__ 1
| #define __STDC_WANT_IEC_60559_BFP_EXT__ 1
| #define __STDC_WANT_IEC_60559_DFP_EXT__ 1
| #define __STDC_WANT_IEC_60559_FUNCS_EXT__ 1
| #define __STDC_WANT_IEC_60559_TYPES_EXT__ 1
| #define __STDC_WANT_LIB_EXT2__ 1
| #define __STDC_WANT_MATH_SPEC_FUNCS__ 1
| #define _TANDEM_SOURCE 1
| #define __EXTENSIONS__ 1
| #define HAVE_LANGINFO_CODESET 1
| #define HAVE_DLFCN_H 1
| #define LT_OBJDIR ".libs/"
| #define ENABLE_NLS 1
| #define HAVE_GETTEXT 1
| #define HAVE_DCGETTEXT 1
| #define HAVE_LOCALE_H 1
| #define HAVE_STDINT_H 1
| #define HAVE_SYS_SELECT_H 1
| #define HAVE_SYS_TIME_H 1
| #define HAVE_SIGNAL_H 1
| #define HAVE_POLL_H 1
| #define HAVE_PWD_H 1
| #define HAVE_DECL_STRERROR_R 1
| #define HAVE_STRERROR_R 1
| #define STRERROR_R_CHAR_P 1
| #define HAVE_FLOCKFILE 1
| #define HAVE_VASPRINTF 1
| #define HAVE_MMAP 1
| #define HAVE_RAND 1
| #define HAVE_STPCPY 1
| #define HAVE_SETENV 1
| #define HAVE_STAT 1
| #define HAVE_GETRLIMIT 1
| #define HAVE_GETPWNAM 1
| #define HAVE_GETPWUID 1
| #define HAVE_GETPWNAM_R 1
| #define HAVE_GETPWUID_R 1
| #define HAVE_INET_PTON 1
| #define SIZEOF_INT 4
| #define SIZEOF_LONG 8
| #define SIZEOF_LONG_LONG 8
| #define HAVE_SYS_STAT_H 1
| #define HAVE_UNISTD_H 1
| #define REPLACEMENT_FOR_OFF_T "long"
| #define HAVE_GCC_ATTRIBUTE_ALIGNED 1
| #define GPGRT_USE_VISIBILITY 1
| #define HAVE_WEAK_SYMBOLS 1
| #define HAVE_PTHREAD_API 1
| #define USE_POSIX_THREADS 1
| #define USE_POSIX_THREADS_WEAK 1
| #define HAVE_PTHREAD_RWLOCK 1
| #define HAVE_PTHREAD_MUTEX_RECURSIVE 1
| #define SIZEOF_PTHREAD_MUTEX_T 40
| #define HAVE_LIBREADLINE 1
| #define HAVE_UNSIGNED_LONG_LONG_INT 1
| #define HAVE_STDINT_H 1
| #define HAVE_LONG_LONG_INT 1
| #define HAVE_LONG_DOUBLE 1
| #define HAVE_INTMAX_T 1
| /* end confdefs.h.  */
| #include <stddef.h>
| #ifdef HAVE_STDIO_H
| # include <stdio.h>
| #endif
| #ifdef HAVE_STDLIB_H
| # include <stdlib.h>
| #endif
| #ifdef HAVE_STRING_H
| # include <string.h>
| #endif
| #ifdef HAVE_INTTYPES_H
| # include <inttypes.h>
| #endif
| #ifdef HAVE_STDINT_H
| # include <stdint.h>
| #endif
| #ifdef HAVE_STRINGS_H
| # include <strings.h>
| #endif
| #ifdef HAVE_SYS_TYPES_H
| # include <sys/types.h>
| #endif
| #ifdef HAVE_SYS_STAT_H
| # include <sys/stat.h>
| #endif
| #ifdef HAVE_UNISTD_H
| # include <unistd.h>
| #endif
| int
| main (void)
| {
| if (sizeof ((uintmax_t)))
| 	    return 0;
|   ;
|   return 0;
| }
configure:16420: result: yes
configure:16436: checking for ptrdiff_t
configure:16436: gcc -c -g -O2 -Wall -Wpointer-arith -Wno-psabi -fvisibility=hidden  conftest.c >&5
configure:16436: $? = 0
configure:16436: gcc -c -g -O2 -Wall -Wpointer-arith -Wno-psabi -fvisibility=hidden  conftest.c >&5
conftest.c: In function 'main':
conftest.c:121:24: error: expected expression before ')' token
 if (sizeof ((ptrdiff_t)))
                        ^
configure:16436: $? = 1
configure: failed program was:
| /* confdefs.h */
| #define PACKAGE_NAME "libgpg-error"
| #define PACKAGE_TARNAME "libgpg-error"
| #define PACKAGE_VERSION "1.49"
| #define PACKAGE_STRING "libgpg-error 1.49"
| #define PACKAGE_BUGREPORT "https://bugs.gnupg.org"
| #define PACKAGE_URL ""
| #define PACKAGE "libgpg-error"
| #define VERSION "1.49"
| #define HAVE_STDIO_H 1
| #define HAVE_STDLIB_H 1
| #define HAVE_STRING_H 1
| #define HAVE_INTTYPES_H 1
| #define HAVE_STDINT_H 1
| #define HAVE_STRINGS_H 1
| #define HAVE_SYS_STAT_H 1
| #define HAVE_SYS_TYPES_H 1
| #define HAVE_UNISTD_H 1
| #define HAVE_WCHAR_H 1
| #define HAVE_THREADS_H 1
| #define STDC_HEADERS 1
| #define _ALL_SOURCE 1
| #define _DARWIN_C_SOURCE 1
| #define _GNU_SOURCE 1
| #define _HPUX_ALT_XOPEN_SOCKET_API 1
| #define _NETBSD_SOURCE 1
| #define _OPENBSD_SOURCE 1
| #define _POSIX_PTHREAD_SEMANTICS 1
| #define __STDC_WANT_IEC_60559_ATTRIBS_EXT__ 1
| #define __STDC_WANT_IEC_60559_BFP_EXT__ 1
| #define __STDC_WANT_IEC_60559_DFP_EXT__ 1
| #define __STDC_WANT_IEC_60559_FUNCS_EXT__ 1
| #define __STDC_WANT_IEC_60559_TYPES_EXT__ 1
| #define __STDC_WANT_LIB_EXT2__ 1
| #define __STDC_WANT_MATH_SPEC_FUNCS__ 1
| #define _TANDEM_SOURCE 1
| #define __EXTENSIONS__ 1
| #define HAVE_LANGINFO_CODESET 1
| #define HAVE_DLFCN_H 1
| #define LT_OBJDIR ".libs/"
| #define ENABLE_NLS 1
| #define HAVE_GETTEXT 1
| #define HAVE_DCGETTEXT 1
| #define HAVE_LOCALE_H 1
| #define HAVE_STDINT_H 1
| #define HAVE_SYS_SELECT_H 1
| #define HAVE_SYS_TIME_H 1
| #define HAVE_SIGNAL_H 1
| #define HAVE_POLL_H 1
| #define HAVE_PWD_H 1
| #define HAVE_DECL_STRERROR_R 1
| #define HAVE_STRERROR_R 1
| #define STRERROR_R_CHAR_P 1
| #define HAVE_FLOCKFILE 1
| #define HAVE_VASPRINTF 1
| #define HAVE_MMAP 1
| #define HAVE_RAND 1
| #define HAVE_STPCPY 1
| #define HAVE_SETENV 1
| #define HAVE_STAT 1
| #define HAVE_GETRLIMIT 1
| #define HAVE_GETPWNAM 1
| #define HAVE_GETPWUID 1
| #define HAVE_GETPWNAM_R 1
| #define HAVE_GETPWUID_R 1
| #define HAVE_INET_PTON 1
| #define SIZEOF_INT 4
| #define SIZEOF_LONG 8
| #define SIZEOF_LONG_LONG 8
| #define HAVE_SYS_STAT_H 1
| #define HAVE_UNISTD_H 1
| #define REPLACEMENT_FOR_OFF_T "long"
| #define HAVE_GCC_ATTRIBUTE_ALIGNED 1
| #define GPGRT_USE_VISIBILITY 1
| #define HAVE_WEAK_SYMBOLS 1
| #define HAVE_PTHREAD_API 1
| #define USE_POSIX_THREADS 1
| #define USE_POSIX_THREADS_WEAK 1
| #define HAVE_PTHREAD_RWLOCK 1
| #define HAVE_PTHREAD_MUTEX_RECURSIVE 1
| #define SIZEOF_PTHREAD_MUTEX_T 40
| #define HAVE_LIBREADLINE 1
| #define HAVE_UNSIGNED_LONG_LONG_INT 1
| #define HAVE_STDINT_H 1
| #define HAVE_LONG_LONG_INT 1
| #define HAVE_LONG_DOUBLE 1
| #define HAVE_INTMAX_T 1
| #define HAVE_UINTMAX_T 1
| /* end confdefs.h.  */
| #include <stddef.h>
| #ifdef HAVE_STDIO_H
| # include <stdio.h>
| #endif
| #ifdef HAVE_STDLIB_H
| # include <stdlib.h>
| #endif
| #ifdef HAVE_STRING_H
| # include <string.h>
| #endif
| #ifdef HAVE_INTTYPES_H
| # include <inttypes.h>
| #endif
| #ifdef HAVE_STDINT_H
| # include <stdint.h>
| #endif
| #ifdef HAVE_STRINGS_H
| # include <strings.h>
| #endif
| #ifdef HAVE_SYS_TYPES_H
| # include <sys/types.h>
| #endif
| #ifdef HAVE_SYS_STAT_H
| # include <sys/stat.h>
| #endif
| #ifdef HAVE_UNISTD_H
| # include <unistd.h>
| #endif
| int
| main (void)
| {
| if (sizeof ((ptrdiff_t)))
| 	    return 0;
|   ;
|   return 0;
| }
configure:16436: result: yes
configure:16449: checking size of unsigned long
configure:16455: gcc -o conftest -g -O2 -Wall -Wpointer-arith -Wno-psabi -fvisibility=hidden   conftest.c  >&5
configure:16455: $? = 0
configure:16455: ./conftest
configure:16455: $? = 0
configure:16470: result: 8
configure:16482: checking size of void *
configure:16488: gcc -o conftest -g -O2 -Wall -Wpointer-arith -Wno-psabi -fvisibility=hidden   conftest.c  >&5
configure:16488: $? = 0
configure:16488: ./conftest
configure:16488: $? = 0
configure:16503: result: 8
configure:16511: checking for nl_langinfo and THOUSEP
configure:16528: gcc -o conftest -g -O2 -Wall -Wpointer-arith -Wno-psabi -fvisibility=hidden   conftest.c  >&5
configure:16528: $? = 0
configure:16538: result: yes
configure:16548: checking system features for estream
configure:16550: checking for memrchr
configure:16550: gcc -o conftest -g -O2 -Wall -Wpointer-arith -Wno-psabi -fvisibility=hidden   conftest.c  >&5
configure:16550: $? = 0
configure:16550: result: yes
configure:16838: checking whether to enable log_clock
configure:16848: result: no
configure:17099: checking that generated files are newer than configure
configure:17105: result: done
configure:17180: creating ./config.status

## ---------------------- ##
## Running config.status. ##
## ---------------------- ##

This file was extended by libgpg-error config.status 1.49, which was
generated by GNU Autoconf 2.71.  Invocation command line was

  CONFIG_FILES    = 
  CONFIG_HEADERS  = 
  CONFIG_LINKS    = 
  CONFIG_COMMANDS = 
  $ ./config.status 

on alex-Alienware-Aurora-R13

config.status:1296: creating Makefile
config.status:1296: creating doc/Makefile
config.status:1296: creating po/Makefile.in
config.status:1296: creating m4/Makefile
config.status:1296: creating src/Makefile
config.status:1296: creating tests/Makefile
config.status:1296: creating lang/Makefile
config.status:1296: creating lang/cl/Makefile
config.status:1296: creating lang/cl/gpg-error.asd
config.status:1296: creating src/versioninfo.rc
config.status:1296: creating src/gpg-error.w32-manifest
config.status:1296: creating src/gpg-error.pc
config.status:1296: creating src/gpg-error-config-old
config.status:1296: creating src/gpgrt-config
config.status:1296: creating src/gpg-error-config-test.sh
config.status:1296: creating config.h
config.status:1525: executing depfiles commands
config.status:1602: cd doc       && sed -e '/# am--include-marker/d' Makefile         | make -f - am--depfiles
config.status:1607: $? = 0
config.status:1602: cd src       && sed -e '/# am--include-marker/d' Makefile         | make -f - am--depfiles
config.status:1607: $? = 0
config.status:1602: cd tests       && sed -e '/# am--include-marker/d' Makefile         | make -f - am--depfiles
config.status:1607: $? = 0
config.status:1525: executing libtool commands
config.status:1525: executing po-directories commands

## ---------------- ##
## Cache variables. ##
## ---------------- ##

ac_cv_build=x86_64-pc-linux-gnu
ac_cv_c_compiler_gnu=yes
ac_cv_c_const=yes
ac_cv_c_undeclared_builtin_options='none needed'
ac_cv_env_CC_set=
ac_cv_env_CC_value=
ac_cv_env_CFLAGS_set=
ac_cv_env_CFLAGS_value=
ac_cv_env_CPPFLAGS_set=
ac_cv_env_CPPFLAGS_value=
ac_cv_env_CPP_set=
ac_cv_env_CPP_value=
ac_cv_env_LDFLAGS_set=
ac_cv_env_LDFLAGS_value=
ac_cv_env_LIBS_set=
ac_cv_env_LIBS_value=
ac_cv_env_LT_SYS_LIBRARY_PATH_set=
ac_cv_env_LT_SYS_LIBRARY_PATH_value=
ac_cv_env_build_alias_set=
ac_cv_env_build_alias_value=
ac_cv_env_host_alias_set=
ac_cv_env_host_alias_value=
ac_cv_env_target_alias_set=
ac_cv_env_target_alias_value=
ac_cv_func_flockfile=yes
ac_cv_func_getpwnam=yes
ac_cv_func_getpwnam_r=yes
ac_cv_func_getpwuid=yes
ac_cv_func_getpwuid_r=yes
ac_cv_func_getrlimit=yes
ac_cv_func_inet_pton=yes
ac_cv_func_memrchr=yes
ac_cv_func_mmap=yes
ac_cv_func_rand=yes
ac_cv_func_setenv=yes
ac_cv_func_stat=yes
ac_cv_func_stpcpy=yes
ac_cv_func_strerror_r=yes
ac_cv_func_strerror_r_char_p=yes
ac_cv_func_strlwr=no
ac_cv_func_vasprintf=yes
ac_cv_have_decl_strerror_r=yes
ac_cv_header_direct_h=no
ac_cv_header_dlfcn_h=yes
ac_cv_header_inttypes_h=yes
ac_cv_header_locale_h=yes
ac_cv_header_minix_config_h=no
ac_cv_header_poll_h=yes
ac_cv_header_pthread_h=yes
ac_cv_header_pwd_h=yes
ac_cv_header_signal_h=yes
ac_cv_header_stdint_h=yes
ac_cv_header_stdio_h=yes
ac_cv_header_stdlib_h=yes
ac_cv_header_string_h=yes
ac_cv_header_strings_h=yes
ac_cv_header_sys_select_h=yes
ac_cv_header_sys_single_threaded_h=no
ac_cv_header_sys_stat_h=yes
ac_cv_header_sys_time_h=yes
ac_cv_header_sys_types_h=yes
ac_cv_header_threads_h=yes
ac_cv_header_unistd_h=yes
ac_cv_header_wchar_h=yes
ac_cv_host=x86_64-pc-linux-gnu
ac_cv_objext=o
ac_cv_path_EGREP='/bin/grep -E'
ac_cv_path_FGREP='/bin/grep -F'
ac_cv_path_GMSGFMT=/bin/msgfmt
ac_cv_path_GREP=/bin/grep
ac_cv_path_MSGFMT=/bin/msgfmt
ac_cv_path_MSGMERGE=/bin/msgmerge
ac_cv_path_SED=/bin/sed
ac_cv_path_XGETTEXT=/bin/xgettext
ac_cv_path_install='/bin/install -c'
ac_cv_path_lt_DD=/bin/dd
ac_cv_path_mkdir=/bin/mkdir
ac_cv_prog_AWK=gawk
ac_cv_prog_CPP='gcc -E'
ac_cv_prog_ac_ct_AR=ar
ac_cv_prog_ac_ct_CC=gcc
ac_cv_prog_ac_ct_FILECMD=file
ac_cv_prog_ac_ct_MANIFEST_TOOL=mt
ac_cv_prog_ac_ct_OBJDUMP=objdump
ac_cv_prog_ac_ct_RANLIB=ranlib
ac_cv_prog_ac_ct_STRIP=strip
ac_cv_prog_cc_c11=
ac_cv_prog_cc_g=yes
ac_cv_prog_cc_stdc=
ac_cv_prog_make_make_set=yes
ac_cv_safe_to_define___extensions__=yes
ac_cv_search_inet_addr='none required'
ac_cv_search_sched_yield='none required'
ac_cv_search_socket='none required'
ac_cv_should_define__xopen_source=no
ac_cv_sizeof_int=4
ac_cv_sizeof_long=8
ac_cv_sizeof_long_long=8
ac_cv_sizeof_pthread_mutex_t=40
ac_cv_sizeof_unsigned_long=8
ac_cv_sizeof_void_p=8
ac_cv_sys_file_offset_bits=no
ac_cv_sys_largefile_CC=no
ac_cv_type_intmax_t=yes
ac_cv_type_long_double=yes
ac_cv_type_long_long_int=yes
ac_cv_type_pthread_rwlock_t=yes
ac_cv_type_ptrdiff_t=yes
ac_cv_type_uintmax_t=yes
ac_cv_type_unsigned_long_long_int=yes
acl_cv_hardcode_direct=no
acl_cv_hardcode_libdir_flag_spec='${wl}-rpath ${wl}$libdir'
acl_cv_hardcode_libdir_separator=
acl_cv_hardcode_minus_L=no
acl_cv_libdirstems=lib,lib,lib64
acl_cv_libext=a
acl_cv_libname_spec='lib$name'
acl_cv_library_names_spec='$libname$shrext'
acl_cv_prog_gnu_ld=yes
acl_cv_rpath=done
acl_cv_shlibext=so
acl_cv_wl=-Wl,
am_cv_CC_dependencies_compiler_type=gcc3
am_cv_langinfo_codeset=yes
am_cv_make_support_nested_variables=yes
am_cv_prog_cc_c_o=yes
estream_cv_langinfo_thousep=yes
gcry_cv_broken_alias_attribute=no
gcry_cv_broken_visibility_attribute=no
gcry_cv_gcc_attribute_aligned=yes
gcry_cv_gcc_has_f_visibility=yes
gcry_cv_visibility_attribute=yes
gl_cv_elf=yes
gl_cv_have_weak=yes
gl_cv_host_cpu_c_abi_32bit=no
gnupg_cv_have_readline=yes
gnupg_cv_mkdir_takes_one_arg=no
gt_cv_func_CFLocaleCopyPreferredLanguages=no
gt_cv_func_CFPreferencesCopyAppValue=no
gt_cv_func_gnugettext1_libc=yes
lt_cv_ar_at_file=@
lt_cv_archive_cmds_need_lc=no
lt_cv_deplibs_check_method=pass_all
lt_cv_file_magic_cmd='$MAGIC_CMD'
lt_cv_file_magic_test_file=
lt_cv_ld_reload_flag=-r
lt_cv_nm_interface='BSD nm'
lt_cv_objdir=.libs
lt_cv_path_LD=/bin/ld
lt_cv_path_NM='/bin/nm -B'
lt_cv_path_mainfest_tool=no
lt_cv_prog_compiler_c_o=yes
lt_cv_prog_compiler_c_o_RC=yes
lt_cv_prog_compiler_pic='-fPIC -DPIC'
lt_cv_prog_compiler_pic_works=yes
lt_cv_prog_compiler_rtti_exceptions=no
lt_cv_prog_compiler_static_works=yes
lt_cv_prog_gnu_ld=yes
lt_cv_sharedlib_from_linklib_cmd='printf %s\n'
lt_cv_shlibpath_overrides_runpath=yes
lt_cv_sys_global_symbol_pipe='/bin/sed -n -e '\''s/^.*[	 ]\([ABCDGIRSTW][ABCDGIRSTW]*\)[	 ][	 ]*\([_A-Za-z][_A-Za-z0-9]*\)$/\1 \2 \2/p'\'' | /bin/sed '\''/ __gnu_lto/d'\'''
lt_cv_sys_global_symbol_to_c_name_address='/bin/sed -n -e '\''s/^: \(.*\) .*$/  {"\1", (void *) 0},/p'\'' -e '\''s/^[ABCDGIRSTW][ABCDGIRSTW]* .* \(.*\)$/  {"\1", (void *) \&\1},/p'\'''
lt_cv_sys_global_symbol_to_c_name_address_lib_prefix='/bin/sed -n -e '\''s/^: \(.*\) .*$/  {"\1", (void *) 0},/p'\'' -e '\''s/^[ABCDGIRSTW][ABCDGIRSTW]* .* \(lib.*\)$/  {"\1", (void *) \&\1},/p'\'' -e '\''s/^[ABCDGIRSTW][ABCDGIRSTW]* .* \(.*\)$/  {"lib\1", (void *) \&\1},/p'\'''
lt_cv_sys_global_symbol_to_cdecl='/bin/sed -n -e '\''s/^T .* \(.*\)$/extern int \1();/p'\'' -e '\''s/^[ABCDGIRSTW][ABCDGIRSTW]* .* \(.*\)$/extern char \1;/p'\'''
lt_cv_sys_global_symbol_to_import=
lt_cv_sys_max_cmd_len=1572864
lt_cv_to_host_file_cmd=func_convert_file_noop
lt_cv_to_tool_file_cmd=func_convert_file_noop
lt_cv_truncate_bin='/bin/dd bs=4096 count=1'

## ----------------- ##
## Output variables. ##
## ----------------- ##

ACLOCAL='${SHELL} '\''/home/jasmine/encryption/libg-lite/libgpg-error-1.49/build-aux/missing'\'' aclocal-1.16'
AMDEPBACKSLASH='\'
AMDEP_FALSE='#'
AMDEP_TRUE=''
AMTAR='$${TAR-tar}'
AM_BACKSLASH='\'
AM_DEFAULT_V='$(AM_DEFAULT_VERBOSITY)'
AM_DEFAULT_VERBOSITY='1'
AM_V='$(V)'
AR='ar'
AS='as'
AUTOCONF='${SHELL} '\''/home/jasmine/encryption/libg-lite/libgpg-error-1.49/build-aux/missing'\'' autoconf'
AUTOHEADER='${SHELL} '\''/home/jasmine/encryption/libg-lite/libgpg-error-1.49/build-aux/missing'\'' autoheader'
AUTOMAKE='${SHELL} '\''/home/jasmine/encryption/libg-lite/libgpg-error-1.49/build-aux/missing'\'' automake-1.16'
AWK='gawk'
BUILD_DOC_FALSE='#'
BUILD_DOC_TRUE=''
BUILD_FILEVERSION='1,49,0,64237'
BUILD_GPGSCM_FALSE=''
BUILD_GPGSCM_TRUE='#'
BUILD_REVISION='faed9c2'
BUILD_TESTS_FALSE='#'
BUILD_TESTS_TRUE=''
BUILD_TIMESTAMP='<none>'
BUILD_VERSION='1.49.0.64237'
CC='gcc'
CCDEPMODE='depmode=gcc3'
CC_FOR_BUILD='$(CC)'
CFLAGS='-g -O2 -Wall -Wpointer-arith -Wno-psabi -fvisibility=hidden'
CPP='gcc -E'
CPPFLAGS=''
CROSS_COMPILING_FALSE=''
CROSS_COMPILING_TRUE='#'
CSCOPE='cscope'
CTAGS='ctags'
CYGPATH_W='echo'
DEFS='-DHAVE_CONFIG_H'
DEPDIR='.deps'
DLLTOOL='false'
DSYMUTIL=''
DUMPBIN=''
ECHO_C=''
ECHO_N='-n'
ECHO_T=''
EGREP='/bin/grep -E'
ETAGS='etags'
EXEEXT=''
EXEEXT_FOR_BUILD='$(EXEEXT)'
FGREP='/bin/grep -F'
FILECMD='file'
FORCE_USE_SYSCFG_FALSE=''
FORCE_USE_SYSCFG_TRUE='#'
GETTEXT_MACRO_VERSION='0.20'
GMSGFMT='/bin/msgfmt'
GMSGFMT_015='/bin/msgfmt'
GPG_ERROR_CONFIG_CFLAGS='-I${includedir}'
GPG_ERROR_CONFIG_HOST='x86_64-pc-linux-gnu'
GPG_ERROR_CONFIG_LIBS='-L${libdir} -lgpg-error'
GPG_ERROR_CONFIG_LIBS_PRIVATE=''
GPG_ERROR_CONFIG_MT_CFLAGS=''
GPG_ERROR_CONFIG_MT_LIBS='-pthread'
GREP='/bin/grep'
HAVE_GENERATED_LOCK_OBJ_H_FALSE=''
HAVE_GENERATED_LOCK_OBJ_H_TRUE='#'
HAVE_LD_VERSION_SCRIPT_FALSE='#'
HAVE_LD_VERSION_SCRIPT_TRUE=''
HAVE_LOCK_OPTIMIZATION_FALSE='#'
HAVE_LOCK_OPTIMIZATION_TRUE=''
HAVE_W32_SYSTEM_FALSE=''
HAVE_W32_SYSTEM_TRUE='#'
HAVE_W64_SYSTEM_FALSE=''
HAVE_W64_SYSTEM_TRUE='#'
INSTALLSHELLPATH='/bin/sh'
INSTALL_DATA='${INSTALL} -m 644'
INSTALL_GPG_ERROR_CONFIG_FALSE=''
INSTALL_GPG_ERROR_CONFIG_TRUE='#'
INSTALL_PROGRAM='${INSTALL}'
INSTALL_SCRIPT='${INSTALL}'
INSTALL_STRIP_PROGRAM='$(install_sh) -c -s'
INTLLIBS=''
INTL_MACOSX_LIBS=''
LANGUAGES_SOME_FALSE='#'
LANGUAGES_SOME_TRUE=''
LD='/bin/ld -m elf_x86_64'
LDADD_FOR_TESTS_KLUDGE=''
LDFLAGS=''
LIBGPG_ERROR_LT_AGE='36'
LIBGPG_ERROR_LT_CURRENT='36'
LIBGPG_ERROR_LT_REVISION='0'
LIBICONV='-liconv'
LIBINTL=''
LIBMULTITHREAD='-pthread'
LIBOBJS=''
LIBPMULTITHREAD='-pthread'
LIBPTHREAD='-pthread'
LIBREADLINE='-lreadline'
LIBS=''
LIBSTDTHREAD=''
LIBTHREAD=''
LIBTOOL='$(SHELL) $(top_builddir)/libtool'
LIB_NETWORK=''
LIB_SCHED_YIELD=''
LIPO=''
LN_S='ln -s'
LTLIBICONV='-liconv'
LTLIBINTL=''
LTLIBMULTITHREAD='-pthread'
LTLIBOBJS=''
LTLIBTHREAD=''
LT_SYS_LIBRARY_PATH=''
MAINT='#'
MAINTAINER_MODE_FALSE=''
MAINTAINER_MODE_TRUE='#'
MAKEINFO='${SHELL} '\''/home/jasmine/encryption/libg-lite/libgpg-error-1.49/build-aux/missing'\'' makeinfo'
MANIFEST_TOOL=':'
MKDIR_P='/bin/mkdir -p'
MSGFMT='/bin/msgfmt'
MSGMERGE='/bin/msgmerge'
MSGMERGE_FOR_MSGFMT_OPTION='--no-fuzzy-matching --no-location --quiet'
NM='/bin/nm -B'
NMEDIT=''
OBJDUMP='objdump'
OBJEXT='o'
OTOOL64=''
OTOOL=''
PACKAGE='libgpg-error'
PACKAGE_BUGREPORT='https://bugs.gnupg.org'
PACKAGE_NAME='libgpg-error'
PACKAGE_STRING='libgpg-error 1.49'
PACKAGE_TARNAME='libgpg-error'
PACKAGE_URL=''
PACKAGE_VERSION='1.49'
PATH_SEPARATOR=':'
POSUB='po'
RANLIB='ranlib'
RC=''
SED='/bin/sed'
SET_MAKE=''
SHELL='/bin/bash'
STRIP='strip'
USE_NLS='yes'
VERSION='1.49'
VERSION_NUMBER='0x013100'
XGETTEXT='/bin/xgettext'
XGETTEXT_015='/bin/xgettext'
XGETTEXT_EXTRA_OPTIONS=''
ac_ct_AR='ar'
ac_ct_CC='gcc'
ac_ct_DUMPBIN=''
am__EXEEXT_FALSE=''
am__EXEEXT_TRUE='#'
am__fastdepCC_FALSE='#'
am__fastdepCC_TRUE=''
am__include='include'
am__isrc=''
am__leading_dot='.'
am__nodep='_no'
am__quote=''
am__tar='$${TAR-tar} chof - "$$tardir"'
am__untar='$${TAR-tar} xf -'
bindir='${exec_prefix}/bin'
build='x86_64-pc-linux-gnu'
build_alias=''
build_cpu='x86_64'
build_os='linux-gnu'
build_vendor='pc'
datadir='${datarootdir}'
datarootdir='${prefix}/share'
docdir='${datarootdir}/doc/${PACKAGE_TARNAME}'
dvidir='${docdir}'
exec_prefix='${prefix}'
host='x86_64-pc-linux-gnu'
host_alias=''
host_cpu='x86_64'
host_os='linux-gnu'
host_vendor='pc'
htmldir='${docdir}'
includedir='${prefix}/include'
infodir='${datarootdir}/info'
install_sh='${SHELL} /home/jasmine/encryption/libg-lite/libgpg-error-1.49/build-aux/install-sh'
libdir='${exec_prefix}/lib'
libexecdir='${exec_prefix}/libexec'
localedir='${datarootdir}/locale'
localstatedir='${prefix}/var'
mandir='${datarootdir}/man'
mkdir_p='$(MKDIR_P)'
oldincludedir='/usr/include'
pdfdir='${docdir}'
prefix='/usr/local'
program_transform_name='s,x,x,'
psdir='${docdir}'
runstatedir='${localstatedir}/run'
sbindir='${exec_prefix}/sbin'
sharedstatedir='${prefix}/com'
sysconfdir='${prefix}/etc'
target_alias=''

## ----------- ##
## confdefs.h. ##
## ----------- ##

/* confdefs.h */
#define PACKAGE_NAME "libgpg-error"
#define PACKAGE_TARNAME "libgpg-error"
#define PACKAGE_VERSION "1.49"
#define PACKAGE_STRING "libgpg-error 1.49"
#define PACKAGE_BUGREPORT "https://bugs.gnupg.org"
#define PACKAGE_URL ""
#define PACKAGE "libgpg-error"
#define VERSION "1.49"
#define HAVE_STDIO_H 1
#define HAVE_STDLIB_H 1
#define HAVE_STRING_H 1
#define HAVE_INTTYPES_H 1
#define HAVE_STDINT_H 1
#define HAVE_STRINGS_H 1
#define HAVE_SYS_STAT_H 1
#define HAVE_SYS_TYPES_H 1
#define HAVE_UNISTD_H 1
#define HAVE_WCHAR_H 1
#define HAVE_THREADS_H 1
#define STDC_HEADERS 1
#define _ALL_SOURCE 1
#define _DARWIN_C_SOURCE 1
#define _GNU_SOURCE 1
#define _HPUX_ALT_XOPEN_SOCKET_API 1
#define _NETBSD_SOURCE 1
#define _OPENBSD_SOURCE 1
#define _POSIX_PTHREAD_SEMANTICS 1
#define __STDC_WANT_IEC_60559_ATTRIBS_EXT__ 1
#define __STDC_WANT_IEC_60559_BFP_EXT__ 1
#define __STDC_WANT_IEC_60559_DFP_EXT__ 1
#define __STDC_WANT_IEC_60559_FUNCS_EXT__ 1
#define __STDC_WANT_IEC_60559_TYPES_EXT__ 1
#define __STDC_WANT_LIB_EXT2__ 1
#define __STDC_WANT_MATH_SPEC_FUNCS__ 1
#define _TANDEM_SOURCE 1
#define __EXTENSIONS__ 1
#define HAVE_LANGINFO_CODESET 1
#define HAVE_DLFCN_H 1
#define LT_OBJDIR ".libs/"
#define ENABLE_NLS 1
#define HAVE_GETTEXT 1
#define HAVE_DCGETTEXT 1
#define HAVE_LOCALE_H 1
#define HAVE_STDINT_H 1
#define HAVE_SYS_SELECT_H 1
#define HAVE_SYS_TIME_H 1
#define HAVE_SIGNAL_H 1
#define HAVE_POLL_H 1
#define HAVE_PWD_H 1
#define HAVE_DECL_STRERROR_R 1
#define HAVE_STRERROR_R 1
#define STRERROR_R_CHAR_P 1
#define HAVE_FLOCKFILE 1
#define HAVE_VASPRINTF 1
#define HAVE_MMAP 1
#define HAVE_RAND 1
#define HAVE_STPCPY 1
#define HAVE_SETENV 1
#define HAVE_STAT 1
#define HAVE_GETRLIMIT 1
#define HAVE_GETPWNAM 1
#define HAVE_GETPWUID 1
#define HAVE_GETPWNAM_R 1
#define HAVE_GETPWUID_R 1
#define HAVE_INET_PTON 1
#define SIZEOF_INT 4
#define SIZEOF_LONG 8
#define SIZEOF_LONG_LONG 8
#define HAVE_SYS_STAT_H 1
#define HAVE_UNISTD_H 1
#define REPLACEMENT_FOR_OFF_T "long"
#define HAVE_GCC_ATTRIBUTE_ALIGNED 1
#define GPGRT_USE_VISIBILITY 1
#define HAVE_WEAK_SYMBOLS 1
#define HAVE_PTHREAD_API 1
#define USE_POSIX_THREADS 1
#define USE_POSIX_THREADS_WEAK 1
#define HAVE_PTHREAD_RWLOCK 1
#define HAVE_PTHREAD_MUTEX_RECURSIVE 1
#define SIZEOF_PTHREAD_MUTEX_T 40
#define HAVE_LIBREADLINE 1
#define HAVE_UNSIGNED_LONG_LONG_INT 1
#define HAVE_STDINT_H 1
#define HAVE_LONG_LONG_INT 1
#define HAVE_LONG_DOUBLE 1
#define HAVE_INTMAX_T 1
#define HAVE_UINTMAX_T 1
#define HAVE_PTRDIFF_T 1
#define SIZEOF_UNSIGNED_LONG 8
#define SIZEOF_VOID_P 8
#define HAVE_LANGINFO_THOUSEP 1
#define HAVE_MEMRCHR 1
#define HOST_TRIPLET_STRING "x86_64-pc-linux-gnu"
#define BUILD_REVISION "faed9c2"
#define BUILD_TIMESTAMP "<none>"

configure: exit 0
